New log file opened at Thu Aug 06 00:00:30 JST 2015 by 77327@monkey.local
Sending msg to client activator-e35275cb-d418-4fd2-aa72-3d33d4d8c41a: DetachedLogEvent(LogMessage(debug,sbt client logs are in: /Users/user/Documents/workspace/wishlist/.sbtserver/connections/activator-e35275cb-d418-4fd2-aa72-3d33d4d8c41a.log))
Sending msg to client activator-e35275cb-d418-4fd2-aa72-3d33d4d8c41a: DetachedLogEvent(LogMessage(debug,sbt server socket logs are in: /Users/user/Documents/workspace/wishlist/.sbtserver/connections/master.log))
Reading next message from client.
Sending msg to client activator-e35275cb-d418-4fd2-aa72-3d33d4d8c41a: DetachedLogEvent(LogMessage(debug,sbt general server logs are in: /Users/user/Documents/workspace/wishlist/.sbtserver/master.log))
Got request: ListenToEvents()
Reading next message from client.
Sending msg to client activator-e35275cb-d418-4fd2-aa72-3d33d4d8c41a: DetachedLogEvent(LogMessage(debug,> --initialize))
Sending msg to client activator-e35275cb-d418-4fd2-aa72-3d33d4d8c41a: DetachedLogEvent(LogMessage(debug,> initialize))
Sending msg to client activator-e35275cb-d418-4fd2-aa72-3d33d4d8c41a: DetachedLogEvent(LogMessage(debug,> onFailure load-failed))
Sending msg to client activator-e35275cb-d418-4fd2-aa72-3d33d4d8c41a: DetachedLogEvent(LogMessage(debug,> boot))
Sending msg to client activator-e35275cb-d418-4fd2-aa72-3d33d4d8c41a: DetachedLogEvent(LogMessage(debug,> reload))
Sending msg to client activator-e35275cb-d418-4fd2-aa72-3d33d4d8c41a: DetachedLogEvent(LogMessage(debug,[Loading] Scanning directory /Users/user/Documents/workspace/wishlist/project))
Got request: ListenToBuildChange()
Reading next message from client.
Got request: SendSyntheticBuildChanged()
Reading next message from client.
Sending msg to client activator-e35275cb-d418-4fd2-aa72-3d33d4d8c41a: (3,ReceivedResponse())
Got request: KeyLookupRequest(discoveredMainClasses)
Reading next message from client.
Got request: KeyLookupRequest(mainClass)
Reading next message from client.
Sending msg to client activator-e35275cb-d418-4fd2-aa72-3d33d4d8c41a: DetachedLogEvent(LogMessage(debug,[Loading] Found non-root projects ))
Sending msg to client activator-e35275cb-d418-4fd2-aa72-3d33d4d8c41a: DetachedLogEvent(LogMessage(debug,[Loading] Done in /Users/user/Documents/workspace/wishlist/project, returning: ()))
Sending msg to client activator-e35275cb-d418-4fd2-aa72-3d33d4d8c41a: DetachedLogEvent(LogMessage(debug,deducing auto plugins based on known facts Set(Atom(sbt.plugins.CorePlugin)) and clauses Clauses(List(Clause(Atom(sbt.plugins.JvmPlugin),Set(Atom(sbt.plugins.IvyPlugin))), Clause(Atom(sbt.plugins.JUnitXmlReportPlugin),Set(Atom(sbt.plugins.JvmPlugin))), Clause(Atom(sbt.plugins.CorePlugin),Set(Atom(sbt.plugins.IvyPlugin))), Clause(Atom(sbt.plugins.IvyPlugin),Set(Atom(sbt.plugins.JvmPlugin))), Clause(Atom(sbt.plugins.JvmPlugin),Set(Atom(sbt.plugins.JUnitXmlReportPlugin)))))))
Sending msg to client activator-e35275cb-d418-4fd2-aa72-3d33d4d8c41a: DetachedLogEvent(LogMessage(debug,  :: deduced result: Matched(sbt.plugins.CorePlugin,sbt.plugins.IvyPlugin,sbt.plugins.JvmPlugin,sbt.plugins.JUnitXmlReportPlugin)))
Sending msg to client activator-e35275cb-d418-4fd2-aa72-3d33d4d8c41a: DetachedLogEvent(LogMessage(debug,sorting: ns: List(sbt.plugins.CorePlugin, sbt.plugins.IvyPlugin, sbt.plugins.JvmPlugin, sbt.plugins.JUnitXmlReportPlugin)))
Sending msg to client activator-e35275cb-d418-4fd2-aa72-3d33d4d8c41a: DetachedLogEvent(LogMessage(debug,  :: sorting:: found: List(sbt.plugins.CorePlugin) not found List(sbt.plugins.IvyPlugin, sbt.plugins.JvmPlugin, sbt.plugins.JUnitXmlReportPlugin)))
Sending msg to client activator-e35275cb-d418-4fd2-aa72-3d33d4d8c41a: DetachedLogEvent(LogMessage(debug,  :: sorting:: found: List(sbt.plugins.CorePlugin, sbt.plugins.IvyPlugin) not found List(sbt.plugins.JvmPlugin, sbt.plugins.JUnitXmlReportPlugin)))
Sending msg to client activator-e35275cb-d418-4fd2-aa72-3d33d4d8c41a: DetachedLogEvent(LogMessage(debug,  :: sorting:: found: List(sbt.plugins.CorePlugin, sbt.plugins.IvyPlugin, sbt.plugins.JvmPlugin) not found List(sbt.plugins.JUnitXmlReportPlugin)))
Sending msg to client activator-e35275cb-d418-4fd2-aa72-3d33d4d8c41a: DetachedLogEvent(LogMessage(debug,  :: sorting:: found: List(sbt.plugins.CorePlugin, sbt.plugins.IvyPlugin, sbt.plugins.JvmPlugin, sbt.plugins.JUnitXmlReportPlugin) not found List()))
Sending msg to client activator-e35275cb-d418-4fd2-aa72-3d33d4d8c41a: DetachedLogEvent(LogMessage(debug,  :: sorted deduced result: List(sbt.plugins.CorePlugin, sbt.plugins.IvyPlugin, sbt.plugins.JvmPlugin, sbt.plugins.JUnitXmlReportPlugin)))
Sending msg to client activator-e35275cb-d418-4fd2-aa72-3d33d4d8c41a: DetachedLogEvent(LogMessage(debug,[Loading] Done in /Users/user/Documents/workspace/wishlist/project, returning: (wishlist-build)))
Sending msg to client activator-e35275cb-d418-4fd2-aa72-3d33d4d8c41a: DetachedLogEvent(LogMessage(info,Loading project definition from /Users/user/Documents/workspace/wishlist/project))
Sending msg to client activator-e35275cb-d418-4fd2-aa72-3d33d4d8c41a: DetachedLogEvent(LogMessage(debug,Running task... Cancel: sbt.TaskCancellationStrategy$Null$@38aabd93, check cycles: false))
Sending msg to client activator-e35275cb-d418-4fd2-aa72-3d33d4d8c41a: DetachedLogEvent(LogStdOut([info] Updating {file:/Users/user/Documents/workspace/wishlist/project/}wishlist-build...))
Sending msg to client activator-e35275cb-d418-4fd2-aa72-3d33d4d8c41a: DetachedLogEvent(LogMessage(info,Updating {file:/Users/user/Documents/workspace/wishlist/project/}wishlist-build...))
Sending msg to client activator-e35275cb-d418-4fd2-aa72-3d33d4d8c41a: DetachedLogEvent(LogMessage(debug,Other repositories:))
Sending msg to client activator-e35275cb-d418-4fd2-aa72-3d33d4d8c41a: DetachedLogEvent(LogMessage(debug,Default repositories:))
Sending msg to client activator-e35275cb-d418-4fd2-aa72-3d33d4d8c41a: DetachedLogEvent(LogMessage(debug,Using inline dependencies specified in Scala.))
Sending msg to client activator-e35275cb-d418-4fd2-aa72-3d33d4d8c41a: DetachedLogEvent(LogMessage(debug,:: resolving dependencies :: default#wishlist-build;0.1-SNAPSHOT))
Sending msg to client activator-e35275cb-d418-4fd2-aa72-3d33d4d8c41a: DetachedLogEvent(LogMessage(debug,	confs: [compile, runtime, test, provided, optional, compile-internal, runtime-internal, test-internal, plugin, sources, docs, pom, scala-tool]))
Sending msg to client activator-e35275cb-d418-4fd2-aa72-3d33d4d8c41a: DetachedLogEvent(LogMessage(debug,	validate = true))
Sending msg to client activator-e35275cb-d418-4fd2-aa72-3d33d4d8c41a: DetachedLogEvent(LogMessage(debug,	refresh = false))
Sending msg to client activator-e35275cb-d418-4fd2-aa72-3d33d4d8c41a: DetachedLogEvent(LogMessage(debug,resolving dependencies for configuration 'compile'))
Sending msg to client activator-e35275cb-d418-4fd2-aa72-3d33d4d8c41a: DetachedLogEvent(LogMessage(debug,== resolving dependencies for default#wishlist-build;0.1-SNAPSHOT [compile]))
Sending msg to client activator-e35275cb-d418-4fd2-aa72-3d33d4d8c41a: DetachedLogEvent(LogMessage(debug,== resolving dependencies default#wishlist-build;0.1-SNAPSHOT->com.typesafe.sbteclipse#sbteclipse-plugin;2.5.0 [compile->default(compile)]))
Sending msg to client activator-e35275cb-d418-4fd2-aa72-3d33d4d8c41a: DetachedLogEvent(LogStdOut([info] Resolving com.typesafe.sbteclipse#sbteclipse-plugin;2.5.0 ...))
Sending msg to client activator-e35275cb-d418-4fd2-aa72-3d33d4d8c41a: DetachedLogEvent(LogMessage(info,Resolving com.typesafe.sbteclipse#sbteclipse-plugin;2.5.0 ...))
Sending msg to client activator-e35275cb-d418-4fd2-aa72-3d33d4d8c41a: DetachedLogEvent(LogMessage(debug,sbt-chain: Checking cache for: dependency: com.typesafe.sbteclipse#sbteclipse-plugin;2.5.0 {compile=[default(compile)]}))
Sending msg to client activator-e35275cb-d418-4fd2-aa72-3d33d4d8c41a: DetachedLogEvent(LogMessage(debug,sbt-chain: module revision found in cache: com.typesafe.sbteclipse#sbteclipse-plugin;2.5.0))
Sending msg to client activator-e35275cb-d418-4fd2-aa72-3d33d4d8c41a: DetachedLogEvent(LogMessage(debug,	found com.typesafe.sbteclipse#sbteclipse-plugin;2.5.0 in sbt-chain))
Sending msg to client activator-e35275cb-d418-4fd2-aa72-3d33d4d8c41a: DetachedLogEvent(LogMessage(debug,dependency descriptor has been mediated: dependency: org.scala-lang#scala-library;2.10.3 {provided=[default(compile)]} => dependency: org.scala-lang#scala-library;2.10.4 {provided=[default(compile)]}))
Sending msg to client activator-e35275cb-d418-4fd2-aa72-3d33d4d8c41a: DetachedLogEvent(LogMessage(debug,== resolving dependencies com.typesafe.sbteclipse#sbteclipse-plugin;2.5.0->com.typesafe.sbteclipse#sbteclipse-core;2.5.0 [compile->default(compile)]))
Sending msg to client activator-e35275cb-d418-4fd2-aa72-3d33d4d8c41a: DetachedLogEvent(LogMessage(debug,dependency descriptor has been mediated: dependency: org.scala-lang#scala-library;2.10.3 {provided=[default(compile)]} => dependency: org.scala-lang#scala-library;2.10.4 {provided=[default(compile)]}))
Sending msg to client activator-e35275cb-d418-4fd2-aa72-3d33d4d8c41a: DetachedLogEvent(LogMessage(debug,dependency descriptor has been mediated: dependency: org.scala-lang#scala-library;2.10.3 {provided=[default(compile)]} => dependency: org.scala-lang#scala-library;2.10.4 {provided=[default(compile)]}))
Sending msg to client activator-e35275cb-d418-4fd2-aa72-3d33d4d8c41a: DetachedLogEvent(LogStdOut([A[2K[info] Resolving com.typesafe.sbteclipse#sbteclipse-core;2.5.0 ...))
Sending msg to client activator-e35275cb-d418-4fd2-aa72-3d33d4d8c41a: DetachedLogEvent(LogMessage(info,Resolving com.typesafe.sbteclipse#sbteclipse-core;2.5.0 ...))
Sending msg to client activator-e35275cb-d418-4fd2-aa72-3d33d4d8c41a: DetachedLogEvent(LogMessage(debug,sbt-chain: Checking cache for: dependency: com.typesafe.sbteclipse#sbteclipse-core;2.5.0 {compile=[default(compile)]}))
Sending msg to client activator-e35275cb-d418-4fd2-aa72-3d33d4d8c41a: DetachedLogEvent(LogMessage(debug,sbt-chain: module revision found in cache: com.typesafe.sbteclipse#sbteclipse-core;2.5.0))
Sending msg to client activator-e35275cb-d418-4fd2-aa72-3d33d4d8c41a: DetachedLogEvent(LogMessage(debug,	found com.typesafe.sbteclipse#sbteclipse-core;2.5.0 in sbt-chain))
Sending msg to client activator-e35275cb-d418-4fd2-aa72-3d33d4d8c41a: DetachedLogEvent(LogMessage(debug,dependency descriptor has been mediated: dependency: org.scala-lang#scala-library;2.10.3 {provided=[default(compile)]} => dependency: org.scala-lang#scala-library;2.10.4 {provided=[default(compile)]}))
Sending msg to client activator-e35275cb-d418-4fd2-aa72-3d33d4d8c41a: DetachedLogEvent(LogMessage(debug,== resolving dependencies com.typesafe.sbteclipse#sbteclipse-core;2.5.0->org.scalaz#scalaz-core_2.10;7.0.2 [compile->default(compile)]))
Sending msg to client activator-e35275cb-d418-4fd2-aa72-3d33d4d8c41a: DetachedLogEvent(LogMessage(debug,dependency descriptor has been mediated: dependency: org.scala-lang#scala-library;2.10.3 {provided=[default(compile)]} => dependency: org.scala-lang#scala-library;2.10.4 {provided=[default(compile)]}))
Sending msg to client activator-e35275cb-d418-4fd2-aa72-3d33d4d8c41a: DetachedLogEvent(LogMessage(debug,dependency descriptor has been mediated: dependency: org.scala-lang#scala-library;2.10.3 {provided=[default(compile)]} => dependency: org.scala-lang#scala-library;2.10.4 {provided=[default(compile)]}))
Sending msg to client activator-e35275cb-d418-4fd2-aa72-3d33d4d8c41a: DetachedLogEvent(LogMessage(debug,dependency descriptor has been mediated: dependency: org.scala-lang#scala-library;2.10.3 {provided=[default(compile)]} => dependency: org.scala-lang#scala-library;2.10.4 {provided=[default(compile)]}))
Sending msg to client activator-e35275cb-d418-4fd2-aa72-3d33d4d8c41a: DetachedLogEvent(LogMessage(debug,dependency descriptor has been mediated: dependency: org.scala-lang#scala-library;2.10.3 {provided=[default(compile)]} => dependency: org.scala-lang#scala-library;2.10.4 {provided=[default(compile)]}))
Sending msg to client activator-e35275cb-d418-4fd2-aa72-3d33d4d8c41a: DetachedLogEvent(LogStdOut([A[2K[info] Resolving org.scalaz#scalaz-core_2.10;7.0.2 ...))
Sending msg to client activator-e35275cb-d418-4fd2-aa72-3d33d4d8c41a: DetachedLogEvent(LogMessage(info,Resolving org.scalaz#scalaz-core_2.10;7.0.2 ...))
Sending msg to client activator-e35275cb-d418-4fd2-aa72-3d33d4d8c41a: DetachedLogEvent(LogMessage(debug,sbt-chain: Checking cache for: dependency: org.scalaz#scalaz-core_2.10;7.0.2 {compile=[default(compile)]}))
Sending msg to client activator-e35275cb-d418-4fd2-aa72-3d33d4d8c41a: DetachedLogEvent(LogMessage(debug,sbt-chain: module revision found in cache: org.scalaz#scalaz-core_2.10;7.0.2))
Sending msg to client activator-e35275cb-d418-4fd2-aa72-3d33d4d8c41a: DetachedLogEvent(LogMessage(debug,	found org.scalaz#scalaz-core_2.10;7.0.2 in sbt-chain))
Sending msg to client activator-e35275cb-d418-4fd2-aa72-3d33d4d8c41a: DetachedLogEvent(LogMessage(debug,== resolving dependencies com.typesafe.sbteclipse#sbteclipse-core;2.5.0->org.scalaz#scalaz-core_2.10;7.0.2 [compile->runtime]))
Sending msg to client activator-e35275cb-d418-4fd2-aa72-3d33d4d8c41a: DetachedLogEvent(LogMessage(debug,== resolving dependencies com.typesafe.sbteclipse#sbteclipse-core;2.5.0->org.scalaz#scalaz-core_2.10;7.0.2 [compile->compile]))
Sending msg to client activator-e35275cb-d418-4fd2-aa72-3d33d4d8c41a: DetachedLogEvent(LogMessage(debug,dependency descriptor has been mediated: dependency: org.scala-lang#scala-library;2.10.1 {compile=[compile(*), master(compile)], runtime=[runtime(*)]} => dependency: org.scala-lang#scala-library;2.10.4 {compile=[compile(*), master(compile)], runtime=[runtime(*)]}))
Sending msg to client activator-e35275cb-d418-4fd2-aa72-3d33d4d8c41a: DetachedLogEvent(LogMessage(debug,== resolving dependencies org.scalaz#scalaz-core_2.10;7.0.2->org.scala-lang#scala-library;2.10.4 [compile->master(compile)]))
Sending msg to client activator-e35275cb-d418-4fd2-aa72-3d33d4d8c41a: DetachedLogEvent(LogMessage(debug,dependency descriptor has been mediated: dependency: org.scala-lang#scala-library;2.10.1 {compile=[compile(*), master(compile)], runtime=[runtime(*)]} => dependency: org.scala-lang#scala-library;2.10.4 {compile=[compile(*), master(compile)], runtime=[runtime(*)]}))
Sending msg to client activator-e35275cb-d418-4fd2-aa72-3d33d4d8c41a: DetachedLogEvent(LogMessage(debug,dependency descriptor has been mediated: dependency: org.scala-lang#scala-library;2.10.1 {compile=[compile(*), master(compile)], runtime=[runtime(*)]} => dependency: org.scala-lang#scala-library;2.10.4 {compile=[compile(*), master(compile)], runtime=[runtime(*)]}))
Sending msg to client activator-e35275cb-d418-4fd2-aa72-3d33d4d8c41a: DetachedLogEvent(LogMessage(debug,dependency descriptor has been mediated: dependency: org.scala-lang#scala-library;2.10.1 {compile=[compile(*), master(compile)], runtime=[runtime(*)]} => dependency: org.scala-lang#scala-library;2.10.4 {compile=[compile(*), master(compile)], runtime=[runtime(*)]}))
Sending msg to client activator-e35275cb-d418-4fd2-aa72-3d33d4d8c41a: DetachedLogEvent(LogMessage(debug,dependency descriptor has been mediated: dependency: org.scala-lang#scala-library;2.10.1 {compile=[compile(*), master(compile)], runtime=[runtime(*)]} => dependency: org.scala-lang#scala-library;2.10.4 {compile=[compile(*), master(compile)], runtime=[runtime(*)]}))
Sending msg to client activator-e35275cb-d418-4fd2-aa72-3d33d4d8c41a: DetachedLogEvent(LogMessage(debug,dependency descriptor has been mediated: dependency: org.scala-lang#scala-library;2.10.1 {compile=[compile(*), master(compile)], runtime=[runtime(*)]} => dependency: org.scala-lang#scala-library;2.10.4 {compile=[compile(*), master(compile)], runtime=[runtime(*)]}))
Sending msg to client activator-e35275cb-d418-4fd2-aa72-3d33d4d8c41a: DetachedLogEvent(LogMessage(debug,dependency descriptor has been mediated: dependency: org.scala-lang#scala-library;2.10.3 {provided=[default(compile)]} => dependency: org.scala-lang#scala-library;2.10.4 {provided=[default(compile)]}))
Sending msg to client activator-e35275cb-d418-4fd2-aa72-3d33d4d8c41a: DetachedLogEvent(LogMessage(debug,dependency descriptor has been mediated: dependency: org.scala-lang#scala-library;2.10.3 {provided=[default(compile)]} => dependency: org.scala-lang#scala-library;2.10.4 {provided=[default(compile)]}))
Sending msg to client activator-e35275cb-d418-4fd2-aa72-3d33d4d8c41a: DetachedLogEvent(LogMessage(debug,dependency descriptor has been mediated: dependency: org.scala-lang#scala-library;2.10.3 {provided=[default(compile)]} => dependency: org.scala-lang#scala-library;2.10.4 {provided=[default(compile)]}))
Sending msg to client activator-e35275cb-d418-4fd2-aa72-3d33d4d8c41a: DetachedLogEvent(LogMessage(debug,dependency descriptor has been mediated: dependency: org.scala-lang#scala-library;2.10.3 {provided=[default(compile)]} => dependency: org.scala-lang#scala-library;2.10.4 {provided=[default(compile)]}))
Sending msg to client activator-e35275cb-d418-4fd2-aa72-3d33d4d8c41a: DetachedLogEvent(LogStdOut([A[2K[info] Resolving org.scala-lang#scala-library;2.10.4 ...))
Sending msg to client activator-e35275cb-d418-4fd2-aa72-3d33d4d8c41a: DetachedLogEvent(LogMessage(info,Resolving org.scala-lang#scala-library;2.10.4 ...))
Sending msg to client activator-e35275cb-d418-4fd2-aa72-3d33d4d8c41a: DetachedLogEvent(LogMessage(debug,sbt-chain: Checking cache for: dependency: org.scala-lang#scala-library;2.10.4 {compile=[compile(*), master(compile)], runtime=[runtime(*)]}))
Sending msg to client activator-e35275cb-d418-4fd2-aa72-3d33d4d8c41a: DetachedLogEvent(LogMessage(debug,sbt-chain: module revision found in cache: org.scala-lang#scala-library;2.10.4))
Sending msg to client activator-e35275cb-d418-4fd2-aa72-3d33d4d8c41a: DetachedLogEvent(LogMessage(debug,	found org.scala-lang#scala-library;2.10.4 in sbt-chain))
Sending msg to client activator-e35275cb-d418-4fd2-aa72-3d33d4d8c41a: DetachedLogEvent(LogMessage(debug,	[2.10.4] org.scala-lang#scala-library;2.10.4))
Sending msg to client activator-e35275cb-d418-4fd2-aa72-3d33d4d8c41a: DetachedLogEvent(LogMessage(debug,== resolving dependencies org.scalaz#scalaz-core_2.10;7.0.2->org.scala-lang#scala-library;2.10.4 [compile->compile(*)]))
Sending msg to client activator-e35275cb-d418-4fd2-aa72-3d33d4d8c41a: DetachedLogEvent(LogMessage(debug,== resolving dependencies org.scalaz#scalaz-core_2.10;7.0.2->org.scala-lang#scala-library;2.10.4 [compile->runtime(*)]))
Sending msg to client activator-e35275cb-d418-4fd2-aa72-3d33d4d8c41a: DetachedLogEvent(LogMessage(debug,== resolving dependencies org.scalaz#scalaz-core_2.10;7.0.2->org.scala-lang#scala-library;2.10.4 [compile->compile]))
Sending msg to client activator-e35275cb-d418-4fd2-aa72-3d33d4d8c41a: DetachedLogEvent(LogMessage(debug,dependency descriptor has been mediated: dependency: org.scala-lang#scala-library;2.10.1 {compile=[compile(*), master(compile)], runtime=[runtime(*)]} => dependency: org.scala-lang#scala-library;2.10.4 {compile=[compile(*), master(compile)], runtime=[runtime(*)]}))
Sending msg to client activator-e35275cb-d418-4fd2-aa72-3d33d4d8c41a: DetachedLogEvent(LogMessage(debug,== resolving dependencies org.scalaz#scalaz-core_2.10;7.0.2->org.scala-lang#scala-library;2.10.4 [runtime->runtime(*)]))
Sending msg to client activator-e35275cb-d418-4fd2-aa72-3d33d4d8c41a: DetachedLogEvent(LogMessage(debug,== resolving dependencies org.scalaz#scalaz-core_2.10;7.0.2->org.scala-lang#scala-library;2.10.4 [runtime->compile]))
Sending msg to client activator-e35275cb-d418-4fd2-aa72-3d33d4d8c41a: DetachedLogEvent(LogMessage(debug,== resolving dependencies com.typesafe.sbteclipse#sbteclipse-core;2.5.0->org.scalaz#scalaz-core_2.10;7.0.2 [compile->master]))
Sending msg to client activator-e35275cb-d418-4fd2-aa72-3d33d4d8c41a: DetachedLogEvent(LogMessage(debug,dependency descriptor has been mediated: dependency: org.scala-lang#scala-library;2.10.1 {compile=[compile(*), master(compile)], runtime=[runtime(*)]} => dependency: org.scala-lang#scala-library;2.10.4 {compile=[compile(*), master(compile)], runtime=[runtime(*)]}))
Sending msg to client activator-e35275cb-d418-4fd2-aa72-3d33d4d8c41a: DetachedLogEvent(LogMessage(debug,dependency descriptor has been mediated: dependency: org.scala-lang#scala-library;2.10.1 {compile=[compile(*), master(compile)], runtime=[runtime(*)]} => dependency: org.scala-lang#scala-library;2.10.4 {compile=[compile(*), master(compile)], runtime=[runtime(*)]}))
Sending msg to client activator-e35275cb-d418-4fd2-aa72-3d33d4d8c41a: DetachedLogEvent(LogMessage(debug,== resolving dependencies com.typesafe.sbteclipse#sbteclipse-core;2.5.0->org.scalaz#scalaz-effect_2.10;7.0.2 [compile->default(compile)]))
Sending msg to client activator-e35275cb-d418-4fd2-aa72-3d33d4d8c41a: DetachedLogEvent(LogMessage(debug,dependency descriptor has been mediated: dependency: org.scala-lang#scala-library;2.10.3 {provided=[default(compile)]} => dependency: org.scala-lang#scala-library;2.10.4 {provided=[default(compile)]}))
Sending msg to client activator-e35275cb-d418-4fd2-aa72-3d33d4d8c41a: DetachedLogEvent(LogMessage(debug,dependency descriptor has been mediated: dependency: org.scala-lang#scala-library;2.10.3 {provided=[default(compile)]} => dependency: org.scala-lang#scala-library;2.10.4 {provided=[default(compile)]}))
Sending msg to client activator-e35275cb-d418-4fd2-aa72-3d33d4d8c41a: DetachedLogEvent(LogMessage(debug,dependency descriptor has been mediated: dependency: org.scala-lang#scala-library;2.10.3 {provided=[default(compile)]} => dependency: org.scala-lang#scala-library;2.10.4 {provided=[default(compile)]}))
Sending msg to client activator-e35275cb-d418-4fd2-aa72-3d33d4d8c41a: DetachedLogEvent(LogMessage(debug,dependency descriptor has been mediated: dependency: org.scala-lang#scala-library;2.10.3 {provided=[default(compile)]} => dependency: org.scala-lang#scala-library;2.10.4 {provided=[default(compile)]}))
Sending msg to client activator-e35275cb-d418-4fd2-aa72-3d33d4d8c41a: DetachedLogEvent(LogStdOut([A[2K[info] Resolving org.scalaz#scalaz-effect_2.10;7.0.2 ...))
Sending msg to client activator-e35275cb-d418-4fd2-aa72-3d33d4d8c41a: DetachedLogEvent(LogMessage(info,Resolving org.scalaz#scalaz-effect_2.10;7.0.2 ...))
Sending msg to client activator-e35275cb-d418-4fd2-aa72-3d33d4d8c41a: DetachedLogEvent(LogMessage(debug,sbt-chain: Checking cache for: dependency: org.scalaz#scalaz-effect_2.10;7.0.2 {compile=[default(compile)]}))
Sending msg to client activator-e35275cb-d418-4fd2-aa72-3d33d4d8c41a: DetachedLogEvent(LogMessage(debug,sbt-chain: module revision found in cache: org.scalaz#scalaz-effect_2.10;7.0.2))
Sending msg to client activator-e35275cb-d418-4fd2-aa72-3d33d4d8c41a: DetachedLogEvent(LogMessage(debug,	found org.scalaz#scalaz-effect_2.10;7.0.2 in sbt-chain))
Sending msg to client activator-e35275cb-d418-4fd2-aa72-3d33d4d8c41a: DetachedLogEvent(LogMessage(debug,== resolving dependencies com.typesafe.sbteclipse#sbteclipse-core;2.5.0->org.scalaz#scalaz-effect_2.10;7.0.2 [compile->runtime]))
Sending msg to client activator-e35275cb-d418-4fd2-aa72-3d33d4d8c41a: DetachedLogEvent(LogMessage(debug,== resolving dependencies com.typesafe.sbteclipse#sbteclipse-core;2.5.0->org.scalaz#scalaz-effect_2.10;7.0.2 [compile->compile]))
Sending msg to client activator-e35275cb-d418-4fd2-aa72-3d33d4d8c41a: DetachedLogEvent(LogMessage(debug,dependency descriptor has been mediated: dependency: org.scala-lang#scala-library;2.10.1 {compile=[compile(*), master(compile)], runtime=[runtime(*)]} => dependency: org.scala-lang#scala-library;2.10.4 {compile=[compile(*), master(compile)], runtime=[runtime(*)]}))
Sending msg to client activator-e35275cb-d418-4fd2-aa72-3d33d4d8c41a: DetachedLogEvent(LogMessage(debug,== resolving dependencies org.scalaz#scalaz-effect_2.10;7.0.2->org.scalaz#scalaz-core_2.10;7.0.2 [compile->master(compile)]))
Sending msg to client activator-e35275cb-d418-4fd2-aa72-3d33d4d8c41a: DetachedLogEvent(LogMessage(debug,dependency descriptor has been mediated: dependency: org.scala-lang#scala-library;2.10.1 {compile=[compile(*), master(compile)], runtime=[runtime(*)]} => dependency: org.scala-lang#scala-library;2.10.4 {compile=[compile(*), master(compile)], runtime=[runtime(*)]}))
Sending msg to client activator-e35275cb-d418-4fd2-aa72-3d33d4d8c41a: DetachedLogEvent(LogMessage(debug,dependency descriptor has been mediated: dependency: org.scala-lang#scala-library;2.10.1 {compile=[compile(*), master(compile)], runtime=[runtime(*)]} => dependency: org.scala-lang#scala-library;2.10.4 {compile=[compile(*), master(compile)], runtime=[runtime(*)]}))
Sending msg to client activator-e35275cb-d418-4fd2-aa72-3d33d4d8c41a: DetachedLogEvent(LogMessage(debug,dependency descriptor has been mediated: dependency: org.scala-lang#scala-library;2.10.1 {compile=[compile(*), master(compile)], runtime=[runtime(*)]} => dependency: org.scala-lang#scala-library;2.10.4 {compile=[compile(*), master(compile)], runtime=[runtime(*)]}))
Sending msg to client activator-e35275cb-d418-4fd2-aa72-3d33d4d8c41a: DetachedLogEvent(LogMessage(debug,dependency descriptor has been mediated: dependency: org.scala-lang#scala-library;2.10.1 {compile=[compile(*), master(compile)], runtime=[runtime(*)]} => dependency: org.scala-lang#scala-library;2.10.4 {compile=[compile(*), master(compile)], runtime=[runtime(*)]}))
Sending msg to client activator-e35275cb-d418-4fd2-aa72-3d33d4d8c41a: DetachedLogEvent(LogMessage(debug,dependency descriptor has been mediated: dependency: org.scala-lang#scala-library;2.10.1 {compile=[compile(*), master(compile)], runtime=[runtime(*)]} => dependency: org.scala-lang#scala-library;2.10.4 {compile=[compile(*), master(compile)], runtime=[runtime(*)]}))
Sending msg to client activator-e35275cb-d418-4fd2-aa72-3d33d4d8c41a: DetachedLogEvent(LogMessage(debug,== resolving dependencies org.scalaz#scalaz-effect_2.10;7.0.2->org.scalaz#scalaz-core_2.10;7.0.2 [compile->compile(*)]))
Sending msg to client activator-e35275cb-d418-4fd2-aa72-3d33d4d8c41a: DetachedLogEvent(LogMessage(debug,== resolving dependencies org.scalaz#scalaz-effect_2.10;7.0.2->org.scalaz#scalaz-core_2.10;7.0.2 [compile->runtime(*)]))
Sending msg to client activator-e35275cb-d418-4fd2-aa72-3d33d4d8c41a: DetachedLogEvent(LogMessage(debug,== resolving dependencies org.scalaz#scalaz-effect_2.10;7.0.2->org.scalaz#scalaz-core_2.10;7.0.2 [compile->compile]))
Sending msg to client activator-e35275cb-d418-4fd2-aa72-3d33d4d8c41a: DetachedLogEvent(LogMessage(debug,== resolving dependencies org.scalaz#scalaz-effect_2.10;7.0.2->org.scala-lang#scala-library;2.10.4 [compile->master(compile)]))
Sending msg to client activator-e35275cb-d418-4fd2-aa72-3d33d4d8c41a: DetachedLogEvent(LogMessage(debug,dependency descriptor has been mediated: dependency: org.scala-lang#scala-library;2.10.1 {compile=[compile(*), master(compile)], runtime=[runtime(*)]} => dependency: org.scala-lang#scala-library;2.10.4 {compile=[compile(*), master(compile)], runtime=[runtime(*)]}))
Sending msg to client activator-e35275cb-d418-4fd2-aa72-3d33d4d8c41a: DetachedLogEvent(LogMessage(debug,dependency descriptor has been mediated: dependency: org.scala-lang#scala-library;2.10.1 {compile=[compile(*), master(compile)], runtime=[runtime(*)]} => dependency: org.scala-lang#scala-library;2.10.4 {compile=[compile(*), master(compile)], runtime=[runtime(*)]}))
Sending msg to client activator-e35275cb-d418-4fd2-aa72-3d33d4d8c41a: DetachedLogEvent(LogMessage(debug,dependency descriptor has been mediated: dependency: org.scala-lang#scala-library;2.10.1 {compile=[compile(*), master(compile)], runtime=[runtime(*)]} => dependency: org.scala-lang#scala-library;2.10.4 {compile=[compile(*), master(compile)], runtime=[runtime(*)]}))
Sending msg to client activator-e35275cb-d418-4fd2-aa72-3d33d4d8c41a: DetachedLogEvent(LogMessage(debug,dependency descriptor has been mediated: dependency: org.scala-lang#scala-library;2.10.1 {compile=[compile(*), master(compile)], runtime=[runtime(*)]} => dependency: org.scala-lang#scala-library;2.10.4 {compile=[compile(*), master(compile)], runtime=[runtime(*)]}))
Sending msg to client activator-e35275cb-d418-4fd2-aa72-3d33d4d8c41a: DetachedLogEvent(LogMessage(debug,dependency descriptor has been mediated: dependency: org.scala-lang#scala-library;2.10.1 {compile=[compile(*), master(compile)], runtime=[runtime(*)]} => dependency: org.scala-lang#scala-library;2.10.4 {compile=[compile(*), master(compile)], runtime=[runtime(*)]}))
Sending msg to client activator-e35275cb-d418-4fd2-aa72-3d33d4d8c41a: DetachedLogEvent(LogMessage(debug,== resolving dependencies org.scalaz#scalaz-effect_2.10;7.0.2->org.scala-lang#scala-library;2.10.4 [compile->compile(*)]))
Sending msg to client activator-e35275cb-d418-4fd2-aa72-3d33d4d8c41a: DetachedLogEvent(LogMessage(debug,dependency descriptor has been mediated: dependency: org.scala-lang#scala-library;2.10.1 {compile=[compile(*), master(compile)], runtime=[runtime(*)]} => dependency: org.scala-lang#scala-library;2.10.4 {compile=[compile(*), master(compile)], runtime=[runtime(*)]}))
Sending msg to client activator-e35275cb-d418-4fd2-aa72-3d33d4d8c41a: DetachedLogEvent(LogMessage(debug,== resolving dependencies org.scalaz#scalaz-effect_2.10;7.0.2->org.scalaz#scalaz-core_2.10;7.0.2 [runtime->runtime(*)]))
Sending msg to client activator-e35275cb-d418-4fd2-aa72-3d33d4d8c41a: DetachedLogEvent(LogMessage(debug,== resolving dependencies org.scalaz#scalaz-effect_2.10;7.0.2->org.scalaz#scalaz-core_2.10;7.0.2 [runtime->compile]))
Sending msg to client activator-e35275cb-d418-4fd2-aa72-3d33d4d8c41a: DetachedLogEvent(LogMessage(debug,== resolving dependencies org.scalaz#scalaz-effect_2.10;7.0.2->org.scala-lang#scala-library;2.10.4 [runtime->runtime(*)]))
Sending msg to client activator-e35275cb-d418-4fd2-aa72-3d33d4d8c41a: DetachedLogEvent(LogMessage(debug,== resolving dependencies org.scalaz#scalaz-effect_2.10;7.0.2->org.scala-lang#scala-library;2.10.4 [runtime->compile]))
Sending msg to client activator-e35275cb-d418-4fd2-aa72-3d33d4d8c41a: DetachedLogEvent(LogMessage(debug,== resolving dependencies com.typesafe.sbteclipse#sbteclipse-core;2.5.0->org.scalaz#scalaz-effect_2.10;7.0.2 [compile->master]))
Sending msg to client activator-e35275cb-d418-4fd2-aa72-3d33d4d8c41a: DetachedLogEvent(LogMessage(debug,dependency descriptor has been mediated: dependency: org.scala-lang#scala-library;2.10.1 {compile=[compile(*), master(compile)], runtime=[runtime(*)]} => dependency: org.scala-lang#scala-library;2.10.4 {compile=[compile(*), master(compile)], runtime=[runtime(*)]}))
Sending msg to client activator-e35275cb-d418-4fd2-aa72-3d33d4d8c41a: DetachedLogEvent(LogMessage(debug,dependency descriptor has been mediated: dependency: org.scala-lang#scala-library;2.10.1 {compile=[compile(*), master(compile)], runtime=[runtime(*)]} => dependency: org.scala-lang#scala-library;2.10.4 {compile=[compile(*), master(compile)], runtime=[runtime(*)]}))
Sending msg to client activator-e35275cb-d418-4fd2-aa72-3d33d4d8c41a: DetachedLogEvent(LogMessage(debug,== resolving dependencies default#wishlist-build;0.1-SNAPSHOT->com.typesafe.play#sbt-fork-run-plugin;2.4.2 [compile->default(compile)]))
Sending msg to client activator-e35275cb-d418-4fd2-aa72-3d33d4d8c41a: DetachedLogEvent(LogStdOut([A[2K[info] Resolving com.typesafe.play#sbt-fork-run-plugin;2.4.2 ...))
Sending msg to client activator-e35275cb-d418-4fd2-aa72-3d33d4d8c41a: DetachedLogEvent(LogMessage(info,Resolving com.typesafe.play#sbt-fork-run-plugin;2.4.2 ...))
Sending msg to client activator-e35275cb-d418-4fd2-aa72-3d33d4d8c41a: DetachedLogEvent(LogMessage(debug,sbt-chain: Checking cache for: dependency: com.typesafe.play#sbt-fork-run-plugin;2.4.2 {compile=[default(compile)]}))
Sending msg to client activator-e35275cb-d418-4fd2-aa72-3d33d4d8c41a: DetachedLogEvent(LogMessage(debug,sbt-chain: module revision found in cache: com.typesafe.play#sbt-fork-run-plugin;2.4.2))
Sending msg to client activator-e35275cb-d418-4fd2-aa72-3d33d4d8c41a: DetachedLogEvent(LogMessage(debug,	found com.typesafe.play#sbt-fork-run-plugin;2.4.2 in sbt-chain))
Sending msg to client activator-e35275cb-d418-4fd2-aa72-3d33d4d8c41a: DetachedLogEvent(LogMessage(debug,== resolving dependencies com.typesafe.play#sbt-fork-run-plugin;2.4.2->com.typesafe.play#sbt-fork-run-protocol_2.10;2.4.2 [compile->default(compile)]))
Sending msg to client activator-e35275cb-d418-4fd2-aa72-3d33d4d8c41a: DetachedLogEvent(LogStdOut([A[2K[info] Resolving com.typesafe.play#sbt-fork-run-protocol_2.10;2.4.2 ...))
Sending msg to client activator-e35275cb-d418-4fd2-aa72-3d33d4d8c41a: DetachedLogEvent(LogMessage(info,Resolving com.typesafe.play#sbt-fork-run-protocol_2.10;2.4.2 ...))
Sending msg to client activator-e35275cb-d418-4fd2-aa72-3d33d4d8c41a: DetachedLogEvent(LogMessage(debug,sbt-chain: Checking cache for: dependency: com.typesafe.play#sbt-fork-run-protocol_2.10;2.4.2 {compile=[default(compile)]}))
Sending msg to client activator-e35275cb-d418-4fd2-aa72-3d33d4d8c41a: DetachedLogEvent(LogMessage(debug,sbt-chain: module revision found in cache: com.typesafe.play#sbt-fork-run-protocol_2.10;2.4.2))
Sending msg to client activator-e35275cb-d418-4fd2-aa72-3d33d4d8c41a: DetachedLogEvent(LogMessage(debug,	found com.typesafe.play#sbt-fork-run-protocol_2.10;2.4.2 in sbt-chain))
Sending msg to client activator-e35275cb-d418-4fd2-aa72-3d33d4d8c41a: DetachedLogEvent(LogMessage(debug,== resolving dependencies com.typesafe.play#sbt-fork-run-plugin;2.4.2->com.typesafe.play#sbt-fork-run-protocol_2.10;2.4.2 [compile->runtime]))
Sending msg to client activator-e35275cb-d418-4fd2-aa72-3d33d4d8c41a: DetachedLogEvent(LogMessage(debug,== resolving dependencies com.typesafe.play#sbt-fork-run-plugin;2.4.2->com.typesafe.play#sbt-fork-run-protocol_2.10;2.4.2 [compile->compile]))
Sending msg to client activator-e35275cb-d418-4fd2-aa72-3d33d4d8c41a: DetachedLogEvent(LogMessage(debug,== resolving dependencies com.typesafe.play#sbt-fork-run-protocol_2.10;2.4.2->org.scala-lang#scala-library;2.10.4 [compile->master(compile)]))
Sending msg to client activator-e35275cb-d418-4fd2-aa72-3d33d4d8c41a: DetachedLogEvent(LogMessage(debug,== resolving dependencies com.typesafe.play#sbt-fork-run-protocol_2.10;2.4.2->org.scala-lang#scala-library;2.10.4 [compile->compile(*)]))
Sending msg to client activator-e35275cb-d418-4fd2-aa72-3d33d4d8c41a: DetachedLogEvent(LogMessage(debug,== resolving dependencies com.typesafe.play#sbt-fork-run-protocol_2.10;2.4.2->com.typesafe.play#sbt-run-support_2.10;2.4.2 [compile->master(compile)]))
Sending msg to client activator-e35275cb-d418-4fd2-aa72-3d33d4d8c41a: DetachedLogEvent(LogStdOut([A[2K[info] Resolving com.typesafe.play#sbt-run-support_2.10;2.4.2 ...))
Sending msg to client activator-e35275cb-d418-4fd2-aa72-3d33d4d8c41a: DetachedLogEvent(LogMessage(info,Resolving com.typesafe.play#sbt-run-support_2.10;2.4.2 ...))
Sending msg to client activator-e35275cb-d418-4fd2-aa72-3d33d4d8c41a: DetachedLogEvent(LogMessage(debug,sbt-chain: Checking cache for: dependency: com.typesafe.play#sbt-run-support_2.10;2.4.2 {compile=[compile(*), master(compile)], runtime=[runtime(*)]}))
Sending msg to client activator-e35275cb-d418-4fd2-aa72-3d33d4d8c41a: DetachedLogEvent(LogMessage(debug,sbt-chain: module revision found in cache: com.typesafe.play#sbt-run-support_2.10;2.4.2))
Sending msg to client activator-e35275cb-d418-4fd2-aa72-3d33d4d8c41a: DetachedLogEvent(LogMessage(debug,	found com.typesafe.play#sbt-run-support_2.10;2.4.2 in sbt-chain))
Sending msg to client activator-e35275cb-d418-4fd2-aa72-3d33d4d8c41a: DetachedLogEvent(LogMessage(debug,== resolving dependencies com.typesafe.play#sbt-fork-run-protocol_2.10;2.4.2->com.typesafe.play#sbt-run-support_2.10;2.4.2 [compile->compile(*)]))
Sending msg to client activator-e35275cb-d418-4fd2-aa72-3d33d4d8c41a: DetachedLogEvent(LogMessage(debug,== resolving dependencies com.typesafe.play#sbt-run-support_2.10;2.4.2->org.scala-lang#scala-library;2.10.4 [compile->master(compile)]))
Sending msg to client activator-e35275cb-d418-4fd2-aa72-3d33d4d8c41a: DetachedLogEvent(LogMessage(debug,== resolving dependencies com.typesafe.play#sbt-run-support_2.10;2.4.2->org.scala-lang#scala-library;2.10.4 [compile->compile(*)]))
Sending msg to client activator-e35275cb-d418-4fd2-aa72-3d33d4d8c41a: DetachedLogEvent(LogMessage(debug,== resolving dependencies com.typesafe.play#sbt-run-support_2.10;2.4.2->com.typesafe.play#build-link;2.4.2 [compile->master(compile)]))
Sending msg to client activator-e35275cb-d418-4fd2-aa72-3d33d4d8c41a: DetachedLogEvent(LogStdOut([A[2K[info] Resolving com.typesafe.play#build-link;2.4.2 ...))
Sending msg to client activator-e35275cb-d418-4fd2-aa72-3d33d4d8c41a: DetachedLogEvent(LogMessage(info,Resolving com.typesafe.play#build-link;2.4.2 ...))
Sending msg to client activator-e35275cb-d418-4fd2-aa72-3d33d4d8c41a: DetachedLogEvent(LogMessage(debug,sbt-chain: Checking cache for: dependency: com.typesafe.play#build-link;2.4.2 {compile=[compile(*), master(compile)], runtime=[runtime(*)]}))
Got request: UnlistenToEvents()
Reading next message from client.
Sending msg to client activator-e35275cb-d418-4fd2-aa72-3d33d4d8c41a: DetachedLogEvent(LogMessage(debug,sbt-chain: module revision found in cache: com.typesafe.play#build-link;2.4.2))
Sending msg to client activator-e35275cb-d418-4fd2-aa72-3d33d4d8c41a: DetachedLogEvent(LogMessage(debug,	found com.typesafe.play#build-link;2.4.2 in sbt-chain))
Sending msg to client activator-e35275cb-d418-4fd2-aa72-3d33d4d8c41a: (8,ReceivedResponse())
Got request: UnlistenToBuildChange()
Reading next message from client.
Client activator-e35275cb-d418-4fd2-aa72-3d33d4d8c41a EOF, shutting down.
Stopping client.
Dropping message (0,ReceivedResponse()) to dead client activator-e35275cb-d418-4fd2-aa72-3d33d4d8c41a
Client activator-e35275cb-d418-4fd2-aa72-3d33d4d8c41a thread exiting.
Dropping message (4,ReceivedResponse()) to dead client activator-e35275cb-d418-4fd2-aa72-3d33d4d8c41a
Dropping message BuildStructureChanged(MinimalBuildStructure(Vector(file:/Users/user/Documents/workspace/wishlist/),Vector(BuildData(file:/Users/user/Documents/workspace/wishlist/,Vector(/Users/user/Documents/workspace/wishlist/project/target/scala-2.10/sbt-0.13/classes, /Users/user/.ivy2/cache/scala_2.10/sbt_0.13/com.typesafe.sbteclipse/sbteclipse-plugin/jars/sbteclipse-plugin-2.5.0.jar, /Users/user/.ivy2/cache/scala_2.10/sbt_0.13/com.typesafe.sbteclipse/sbteclipse-core/jars/sbteclipse-core-2.5.0.jar, /Users/user/.ivy2/cache/org.scalaz/scalaz-core_2.10/bundles/scalaz-core_2.10-7.0.2.jar, /Users/user/.sbt/boot/scala-2.10.4/lib/scala-library.jar, /Users/user/.ivy2/cache/org.scalaz/scalaz-effect_2.10/bundles/scalaz-effect_2.10-7.0.2.jar, /Users/user/.ivy2/cache/scala_2.10/sbt_0.13/com.typesafe.play/sbt-fork-run-plugin/jars/sbt-fork-run-plugin-2.4.2.jar, /Users/user/.ivy2/cache/com.typesafe.play/sbt-fork-run-protocol_2.10/jars/sbt-fork-run-protocol_2.10-2.4.2.jar, /Users/user/.ivy2/cache/com.typesafe.play/sbt-run-support_2.10/jars/sbt-run-support_2.10-2.4.2.jar, /Users/user/.ivy2/cache/com.typesafe.play/build-link/jars/build-link-2.4.2.jar, /Users/user/.ivy2/cache/com.typesafe.play/play-exceptions/jars/play-exceptions-2.4.2.jar, /Users/user/apps/activator/repository/org.javassist/javassist/3.19.0-GA/bundles/javassist.jar, /Users/user/.ivy2/cache/com.typesafe.sbtrc/client-2-10/jars/client-2-10-0.3.1.jar, /Users/user/.sbt/boot/scala-2.10.4/lib/scala-reflect.jar, /Users/user/.ivy2/cache/org.scala-sbt/serialization_2.10/jars/serialization_2.10-0.1.0.jar, /Users/user/.ivy2/cache/org.scala-lang.modules/scala-pickling_2.10/jars/scala-pickling_2.10-0.10.0.jar, /Users/user/.sbt/boot/scala-2.10.4/lib/scala-compiler.jar, /Users/user/.ivy2/cache/org.scalamacros/quasiquotes_2.10/jars/quasiquotes_2.10-2.0.1.jar, /Users/user/.ivy2/cache/org.json4s/json4s-core_2.10/jars/json4s-core_2.10-3.2.10.jar, /Users/user/.ivy2/cache/org.json4s/json4s-ast_2.10/jars/json4s-ast_2.10-3.2.10.jar, /Users/user/.ivy2/cache/com.thoughtworks.paranamer/paranamer/jars/paranamer-2.6.jar, /Users/user/.ivy2/cache/org.spire-math/jawn-parser_2.10/jars/jawn-parser_2.10-0.6.0.jar, /Users/user/.ivy2/cache/org.spire-math/json4s-support_2.10/jars/json4s-support_2.10-0.6.0.jar, /Users/user/.ivy2/cache/org.scala-sbt/launcher-interface/jars/launcher-interface-0.13.8-M3.jar, /Users/user/.ivy2/cache/org.scala-sbt/interface/jars/interface-0.13.8-M3.jar, /Users/user/.ivy2/cache/org.scala-sbt/io/jars/io-0.13.8-M3.jar, /Users/user/.ivy2/cache/org.scala-sbt/control/jars/control-0.13.8-M3.jar, /Users/user/.ivy2/cache/org.scala-sbt/collections/jars/collections-0.13.8-M3.jar, /Users/user/.ivy2/cache/scala_2.10/sbt_0.13/com.typesafe.play/sbt-plugin/jars/sbt-plugin-2.4.2.jar, /Users/user/.ivy2/cache/com.typesafe.play/routes-compiler_2.10/jars/routes-compiler_2.10-2.4.2.jar, /Users/user/apps/activator/repository/com.typesafe.play/twirl-api_2.10/1.1.1/jars/twirl-api_2.10.jar, /Users/user/apps/activator/repository/org.apache.commons/commons-lang3/3.4/jars/commons-lang3.jar, /Users/user/apps/activator/repository/commons-io/commons-io/2.4/jars/commons-io.jar, /Users/user/apps/activator/repository/com.typesafe/config/1.3.0/bundles/config.jar, /Users/user/apps/activator/repository/com.google.guava/guava/18.0/bundles/guava.jar, /Users/user/apps/activator/repository/com.h2database/h2/1.4.187/jars/h2.jar, /Users/user/.ivy2/cache/net.contentobjects.jnotify/jnotify/jars/jnotify-0.94-play-1.jar, /Users/user/.ivy2/cache/scala_2.10/sbt_0.13/com.typesafe.sbt/sbt-twirl/jars/sbt-twirl-1.1.1.jar, /Users/user/apps/activator/repository/com.typesafe.play/twirl-compiler_2.10/1.1.1/jars/twirl-compiler_2.10.jar, /Users/user/apps/activator/repository/com.typesafe.play/twirl-parser_2.10/1.1.1/jars/twirl-parser_2.10.jar, /Users/user/.ivy2/cache/scala_2.10/sbt_0.13/com.typesafe.sbt/sbt-native-packager/jars/sbt-native-packager-1.0.1.jar, /Users/user/apps/activator/repository/org.vafer/jdeb/1.3/jars/jdeb.jar, /Users/user/apps/activator/repository/org.apache.maven/maven-core/3.2.2/jars/maven-core.jar, /Users/user/apps/activator/repository/org.apache.maven/maven-model/3.2.2/jars/maven-model.jar, /Users/user/apps/activator/repository/org.codehaus.plexus/plexus-utils/3.0.17/jars/plexus-utils.jar, /Users/user/apps/activator/repository/org.apache.maven/maven-settings/3.2.2/jars/maven-settings.jar, /Users/user/apps/activator/repository/org.apache.maven/maven-settings-builder/3.2.2/jars/maven-settings-builder.jar, /Users/user/apps/activator/repository/org.codehaus.plexus/plexus-interpolation/1.19/jars/plexus-interpolation.jar, /Users/user/apps/activator/repository/org.codehaus.plexus/plexus-component-annotations/1.5.5/jars/plexus-component-annotations.jar, /Users/user/apps/activator/repository/org.sonatype.plexus/plexus-sec-dispatcher/1.3/jars/plexus-sec-dispatcher.jar, /Users/user/apps/activator/repository/org.sonatype.plexus/plexus-cipher/1.7/jars/plexus-cipher.jar, /Users/user/apps/activator/repository/org.apache.maven/maven-repository-metadata/3.2.2/jars/maven-repository-metadata.jar, /Users/user/apps/activator/repository/org.apache.maven/maven-artifact/3.2.2/jars/maven-artifact.jar, /Users/user/apps/activator/repository/org.apache.maven/maven-plugin-api/3.2.2/jars/maven-plugin-api.jar, /Users/user/apps/activator/repository/org.eclipse.sisu/org.eclipse.sisu.plexus/0.0.0.M5/eclipse-plugins/org.eclipse.sisu.plexus.jar, /Users/user/apps/activator/repository/javax.enterprise/cdi-api/1.0/jars/cdi-api.jar, /Users/user/apps/activator/repository/javax.annotation/jsr250-api/1.0/jars/jsr250-api.jar, /Users/user/apps/activator/repository/javax.inject/javax.inject/1/jars/javax.inject.jar, /Users/user/.ivy2/cache/org.sonatype.sisu/sisu-guice/jars/sisu-guice-3.1.3.jar, /Users/user/apps/activator/repository/aopalliance/aopalliance/1.0/jars/aopalliance.jar, /Users/user/apps/activator/repository/org.eclipse.sisu/org.eclipse.sisu.inject/0.0.0.M5/eclipse-plugins/org.eclipse.sisu.inject.jar, /Users/user/apps/activator/repository/org.codehaus.plexus/plexus-classworlds/2.5.1/bundles/plexus-classworlds.jar, /Users/user/apps/activator/repository/org.apache.maven/maven-model-builder/3.2.2/jars/maven-model-builder.jar, /Users/user/apps/activator/repository/org.apache.maven/maven-aether-provider/3.2.2/jars/maven-aether-provider.jar, /Users/user/apps/activator/repository/org.eclipse.aether/aether-api/0.9.0.M2/jars/aether-api.jar, /Users/user/apps/activator/repository/org.eclipse.aether/aether-spi/0.9.0.M2/jars/aether-spi.jar, /Users/user/apps/activator/repository/org.eclipse.aether/aether-util/0.9.0.M2/jars/aether-util.jar, /Users/user/apps/activator/repository/org.eclipse.aether/aether-impl/0.9.0.M2/jars/aether-impl.jar, /Users/user/apps/activator/repository/org.apache.ant/ant/1.9.3/jars/ant.jar, /Users/user/apps/activator/repository/org.apache.ant/ant-launcher/1.9.3/jars/ant-launcher.jar, /Users/user/apps/activator/repository/org.bouncycastle/bcpg-jdk15on/1.51/jars/bcpg-jdk15on.jar, /Users/user/apps/activator/repository/org.bouncycastle/bcprov-jdk15on/1.51/jars/bcprov-jdk15on.jar, /Users/user/.ivy2/cache/scala_2.10/sbt_0.13/com.typesafe.sbt/sbt-web/jars/sbt-web-1.2.2.jar, /Users/user/.ivy2/cache/org.webjars/webjars-locator/jars/webjars-locator-0.26.jar, /Users/user/.ivy2/cache/org.webjars/webjars-locator-core/jars/webjars-locator-core-0.26.jar, /Users/user/.ivy2/cache/org.apache.commons/commons-compress/jars/commons-compress-1.9.jar, /Users/user/apps/activator/repository/com.fasterxml.jackson.core/jackson-databind/2.3.3/bundles/jackson-databind.jar, /Users/user/apps/activator/repository/com.fasterxml.jackson.core/jackson-annotations/2.3.0/bundles/jackson-annotations.jar, /Users/user/apps/activator/repository/com.fasterxml.jackson.core/jackson-core/2.3.3/bundles/jackson-core.jar, /Users/user/.ivy2/cache/scala_2.10/sbt_0.13/com.typesafe.sbt/sbt-js-engine/jars/sbt-js-engine-1.1.3.jar, /Users/user/.ivy2/cache/com.typesafe/jse_2.10/jars/jse_2.10-1.1.2.jar, /Users/user/.ivy2/cache/com.typesafe.akka/akka-actor_2.10/jars/akka-actor_2.10-2.3.11.jar, /Users/user/.ivy2/cache/com.typesafe.akka/akka-contrib_2.10/jars/akka-contrib_2.10-2.3.11.jar, /Users/user/.ivy2/cache/com.typesafe.akka/akka-remote_2.10/jars/akka-remote_2.10-2.3.11.jar, /Users/user/apps/activator/repository/io.netty/netty/3.8.0.Final/bundles/netty.jar, /Users/user/apps/activator/repository/com.google.protobuf/protobuf-java/2.5.0/bundles/protobuf-java.jar, /Users/user/apps/activator/repository/org.uncommons.maths/uncommons-maths/1.2.2a/jars/uncommons-maths.jar, /Users/user/.ivy2/cache/com.typesafe.akka/akka-cluster_2.10/jars/akka-cluster_2.10-2.3.11.jar, /Users/user/.ivy2/cache/com.typesafe.akka/akka-persistence-experimental_2.10/jars/akka-persistence-experimental_2.10-2.3.11.jar, /Users/user/apps/activator/repository/org.iq80.leveldb/leveldb/0.5/jars/leveldb.jar, /Users/user/apps/activator/repository/org.iq80.leveldb/leveldb-api/0.5/jars/leveldb-api.jar, /Users/user/apps/activator/repository/org.fusesource.leveldbjni/leveldbjni-all/1.7/bundles/leveldbjni-all.jar, /Users/user/apps/activator/repository/org.fusesource.leveldbjni/leveldbjni/1.7/jars/leveldbjni.jar, /Users/user/apps/activator/repository/org.fusesource.hawtjni/hawtjni-runtime/1.8/jars/hawtjni-runtime.jar, /Users/user/apps/activator/repository/org.fusesource.leveldbjni/leveldbjni-osx/1.5/jars/leveldbjni-osx.jar, /Users/user/apps/activator/repository/org.fusesource.leveldbjni/leveldbjni-linux32/1.5/jars/leveldbjni-linux32.jar, /Users/user/apps/activator/repository/org.fusesource.leveldbjni/leveldbjni-linux64/1.5/jars/leveldbjni-linux64.jar, /Users/user/apps/activator/repository/org.fusesource.leveldbjni/leveldbjni-win32/1.5/jars/leveldbjni-win32.jar, /Users/user/apps/activator/repository/org.fusesource.leveldbjni/leveldbjni-win64/1.5/jars/leveldbjni-win64.jar, /Users/user/apps/activator/repository/io.apigee.trireme/trireme-core/0.8.5/jars/trireme-core.jar, /Users/user/apps/activator/repository/io.apigee/rhino/1.7R5pre4/jars/rhino.jar, /Users/user/apps/activator/repository/io.apigee.trireme/trireme-node10src/0.8.5/jars/trireme-node10src.jar, /Users/user/apps/activator/repository/io.spray/spray-json_2.10/1.3.2/bundles/spray-json_2.10.jar, /Users/user/apps/activator/repository/org.slf4j/slf4j-simple/1.7.12/jars/slf4j-simple.jar, /Users/user/apps/activator/repository/org.slf4j/slf4j-api/1.7.12/jars/slf4j-api.jar, /Users/user/.ivy2/cache/com.typesafe/npm_2.10/jars/npm_2.10-1.1.1.jar, /Users/user/.ivy2/cache/org.webjars/npm/jars/npm-2.11.2.jar, /Users/user/.ivy2/cache/scala_2.10/sbt_0.13/org.scala-sbt/sbt-core-next/jars/sbt-core-next-0.1.1.jar, /Users/user/.ivy2/cache/org.scala-sbt/core-next_2.10/jars/core-next_2.10-0.1.1.jar, /Users/user/.ivy2/cache/scala_2.10/sbt_0.13/com.typesafe.sbt/sbt-coffeescript/jars/sbt-coffeescript-1.0.0.jar, /Users/user/apps/activator/repository/org.webjars/coffee-script-node/1.7.1/jars/coffee-script-node.jar, /Users/user/apps/activator/repository/org.webjars/mkdirp/0.3.5/jars/mkdirp.jar, /Users/user/.ivy2/cache/scala_2.10/sbt_0.13/com.typesafe.sbt/sbt-less/jars/sbt-less-1.0.6.jar, /Users/user/apps/activator/repository/org.webjars/less-node/1.7.5/jars/less-node.jar, /Users/user/apps/activator/repository/org.webjars/source-map/0.1.31-2/jars/source-map.jar, /Users/user/apps/activator/repository/org.webjars/amdefine/0.1.0-1/jars/amdefine.jar, /Users/user/apps/activator/repository/org.webjars/clean-css/2.2.7/jars/clean-css.jar, /Users/user/.ivy2/cache/scala_2.10/sbt_0.13/com.typesafe.sbt/sbt-jshint/jars/sbt-jshint-1.0.3.jar, /Users/user/apps/activator/repository/org.webjars/jshint-node/2.4.3/jars/jshint-node.jar, /Users/user/apps/activator/repository/org.webjars/underscorejs/1.5.2-2/jars/underscorejs.jar, /Users/user/apps/activator/repository/org.webjars/console-browserify/0.1.6-1/jars/console-browserify.jar, /Users/user/apps/activator/repository/org.webjars/strip-json-comments/1.0.2-1/jars/strip-json-comments.jar, /Users/user/.ivy2/cache/scala_2.10/sbt_0.13/com.typesafe.sbt/sbt-rjs/jars/sbt-rjs-1.0.7.jar, /Users/user/apps/activator/repository/org.webjars/rjs/2.1.15/jars/rjs.jar, /Users/user/.ivy2/cache/scala_2.10/sbt_0.13/com.typesafe.sbt/sbt-digest/jars/sbt-digest-1.1.0.jar, /Users/user/.ivy2/cache/scala_2.10/sbt_0.13/com.typesafe.sbt/sbt-mocha/jars/sbt-mocha-1.1.0.jar, /Users/user/apps/activator/repository/org.webjars/mocha/1.17.1/jars/mocha.jar, /Users/user/apps/activator/repository/org.webjars/debug/0.7.4/jars/debug.jar, /Users/user/apps/activator/repository/org.webjars/diff/1.0.7/jars/diff.jar, /Users/user/.ivy2/cache/scala_2.10/sbt_0.13/com.typesafe.sbt/sbt-play-enhancer/jars/sbt-play-enhancer-1.1.0.jar, /Users/user/apps/activator/repository/com.typesafe.play/play-enhancer/1.1.0/jars/play-enhancer.jar, /Users/user/.sbt/boot/scala-2.10.4/com.typesafe.sbtrc/server-0-13/0.3.5/actions-0.13.8.jar, /Users/user/.sbt/boot/scala-2.10.4/com.typesafe.sbtrc/server-0-13/0.3.5/api-0.13.8.jar, /Users/user/.sbt/boot/scala-2.10.4/com.typesafe.sbtrc/server-0-13/0.3.5/apply-macro-0.13.8.jar, /Users/user/.sbt/boot/scala-2.10.4/com.typesafe.sbtrc/server-0-13/0.3.5/cache-0.13.8.jar, /Users/user/.sbt/boot/scala-2.10.4/com.typesafe.sbtrc/server-0-13/0.3.5/classfile-0.13.8.jar, /Users/user/.sbt/boot/scala-2.10.4/com.typesafe.sbtrc/server-0-13/0.3.5/classpath-0.13.8.jar, /Users/user/.sbt/boot/scala-2.10.4/com.typesafe.sbtrc/server-0-13/0.3.5/collections-0.13.8.jar, /Users/user/.sbt/boot/scala-2.10.4/com.typesafe.sbtrc/server-0-13/0.3.5/command-0.13.8.jar, /Users/user/.sbt/boot/scala-2.10.4/com.typesafe.sbtrc/server-0-13/0.3.5/compile-0.13.8.jar, /Users/user/.sbt/boot/scala-2.10.4/com.typesafe.sbtrc/server-0-13/0.3.5/compiler-integration-0.13.8.jar, /Users/user/.sbt/boot/scala-2.10.4/com.typesafe.sbtrc/server-0-13/0.3.5/compiler-ivy-integration-0.13.8.jar, /Users/user/.sbt/boot/scala-2.10.4/com.typesafe.sbtrc/server-0-13/0.3.5/completion-0.13.8.jar, /Users/user/.sbt/boot/scala-2.10.4/com.typesafe.sbtrc/server-0-13/0.3.5/control-0.13.8.jar, /Users/user/.sbt/boot/scala-2.10.4/com.typesafe.sbtrc/server-0-13/0.3.5/core-next_2.10-0.1.1.jar, /Users/user/.sbt/boot/scala-2.10.4/com.typesafe.sbtrc/server-0-13/0.3.5/cross-0.13.8.jar, /Users/user/.sbt/boot/scala-2.10.4/com.typesafe.sbtrc/server-0-13/0.3.5/incremental-compiler-0.13.8.jar, /Users/user/.sbt/boot/scala-2.10.4/com.typesafe.sbtrc/server-0-13/0.3.5/io-0.13.8.jar, /Users/user/.sbt/boot/scala-2.10.4/com.typesafe.sbtrc/server-0-13/0.3.5/ivy-0.13.8.jar, /Users/user/.sbt/boot/scala-2.10.4/com.typesafe.sbtrc/server-0-13/0.3.5/ivy-2.3.0-sbt-fccfbd44c9f64523b61398a0155784dcbaeae28f.jar, /Users/user/.sbt/boot/scala-2.10.4/com.typesafe.sbtrc/server-0-13/0.3.5/jawn-parser_2.10-0.6.0.jar, /Users/user/.sbt/boot/scala-2.10.4/com.typesafe.sbtrc/server-0-13/0.3.5/jline-2.11.jar, /Users/user/.sbt/boot/scala-2.10.4/com.typesafe.sbtrc/server-0-13/0.3.5/jsch-0.1.46.jar, /Users/user/.sbt/boot/scala-2.10.4/com.typesafe.sbtrc/server-0-13/0.3.5/json4s-ast_2.10-3.2.10.jar, /Users/user/.sbt/boot/scala-2.10.4/com.typesafe.sbtrc/server-0-13/0.3.5/json4s-core_2.10-3.2.10.jar, /Users/user/.sbt/boot/scala-2.10.4/com.typesafe.sbtrc/server-0-13/0.3.5/json4s-support_2.10-0.6.0.jar, /Users/user/.sbt/boot/scala-2.10.4/com.typesafe.sbtrc/server-0-13/0.3.5/launcher-interface-0.13.8.jar, /Users/user/.sbt/boot/scala-2.10.4/com.typesafe.sbtrc/server-0-13/0.3.5/logging-0.13.8.jar, /Users/user/.sbt/boot/scala-2.10.4/com.typesafe.sbtrc/server-0-13/0.3.5/logic-0.13.8.jar, /Users/user/.sbt/boot/scala-2.10.4/com.typesafe.sbtrc/server-0-13/0.3.5/main-0.13.8.jar, /Users/user/.sbt/boot/scala-2.10.4/com.typesafe.sbtrc/server-0-13/0.3.5/main-settings-0.13.8.jar, /Users/user/.sbt/boot/scala-2.10.4/com.typesafe.sbtrc/server-0-13/0.3.5/paranamer-2.6.jar, /Users/user/.sbt/boot/scala-2.10.4/com.typesafe.sbtrc/server-0-13/0.3.5/persist-0.13.8.jar, /Users/user/.sbt/boot/scala-2.10.4/com.typesafe.sbtrc/server-0-13/0.3.5/process-0.13.8.jar, /Users/user/.sbt/boot/scala-2.10.4/com.typesafe.sbtrc/server-0-13/0.3.5/quasiquotes_2.10-2.0.1.jar, /Users/user/.sbt/boot/scala-2.10.4/com.typesafe.sbtrc/server-0-13/0.3.5/relation-0.13.8.jar, /Users/user/.sbt/boot/scala-2.10.4/com.typesafe.sbtrc/server-0-13/0.3.5/run-0.13.8.jar, /Users/user/.sbt/boot/scala-2.10.4/com.typesafe.sbtrc/server-0-13/0.3.5/sbinary_2.10-0.4.2.jar, /Users/user/.sbt/boot/scala-2.10.4/com.typesafe.sbtrc/server-0-13/0.3.5/sbt-0.13.8.jar, /Users/user/.sbt/boot/scala-2.10.4/com.typesafe.sbtrc/server-0-13/0.3.5/scala-pickling_2.10-0.10.0.jar, /Users/user/.sbt/boot/scala-2.10.4/com.typesafe.sbtrc/server-0-13/0.3.5/scala-reflect-2.10.4.jar, /Users/user/.sbt/boot/scala-2.10.4/com.typesafe.sbtrc/server-0-13/0.3.5/serialization_2.10-0.1.1.jar, /Users/user/.sbt/boot/scala-2.10.4/com.typesafe.sbtrc/server-0-13/0.3.5/server-0-13-0.3.5.jar, /Users/user/.sbt/boot/scala-2.10.4/com.typesafe.sbtrc/server-0-13/0.3.5/task-system-0.13.8.jar, /Users/user/.sbt/boot/scala-2.10.4/com.typesafe.sbtrc/server-0-13/0.3.5/tasks-0.13.8.jar, /Users/user/.sbt/boot/scala-2.10.4/com.typesafe.sbtrc/server-0-13/0.3.5/test-agent-0.13.8.jar, /Users/user/.sbt/boot/scala-2.10.4/com.typesafe.sbtrc/server-0-13/0.3.5/test-interface-1.0.jar, /Users/user/.sbt/boot/scala-2.10.4/com.typesafe.sbtrc/server-0-13/0.3.5/testing-0.13.8.jar, /Users/user/.sbt/boot/scala-2.10.4/com.typesafe.sbtrc/server-0-13/0.3.5/tracking-0.13.8.jar, /Users/user/.sbt/boot/scala-2.10.4/com.typesafe.sbtrc/server-0-13/0.3.5/xsbti/interface-0.13.8.jar, /Users/user/.sbt/boot/scala-2.10.4/lib/jansi.jar, /Users/user/.sbt/boot/scala-2.10.4/lib/jline.jar, /Users/user/Documents/workspace/wishlist/project/target/config-classes),Vector(import sbt._, Keys._, dsl._, import _root_.com.typesafe.sbteclipse.plugin.EclipsePlugin._, import _root_.play.sbt.forkrun.PlayForkRun.autoImport._, _root_.play.sbt.Play.autoImport._, _root_.play.sbt.routes.RoutesCompiler.autoImport._, _root_.play.twirl.sbt.SbtTwirl.autoImport._, _root_.com.typesafe.sbt.SbtNativePackager.autoImport._, _root_.com.typesafe.sbt.packager.archetypes.JavaAppPackaging.autoImport._, _root_.com.typesafe.sbt.packager.archetypes.jar.ClasspathJarPlugin.autoImport._, _root_.com.typesafe.sbt.packager.archetypes.jar.LauncherJarPlugin.autoImport._, _root_.com.typesafe.sbt.packager.debian.DebianPlugin.autoImport._, _root_.com.typesafe.sbt.packager.docker.DockerPlugin.autoImport._, _root_.com.typesafe.sbt.packager.jdkpackager.JDKPackagerPlugin.autoImport._, _root_.com.typesafe.sbt.packager.linux.LinuxPlugin.autoImport._, _root_.com.typesafe.sbt.packager.rpm.RpmPlugin.autoImport._, _root_.com.typesafe.sbt.packager.universal.UniversalPlugin.autoImport._, _root_.com.typesafe.sbt.packager.windows.WindowsPlugin.autoImport._, _root_.com.typesafe.sbt.web.SbtWeb.autoImport._, _root_.com.typesafe.sbt.jse.SbtJsEngine.autoImport._, _root_.com.typesafe.sbt.jse.SbtJsTask.autoImport._, _root_.com.typesafe.sbt.coffeescript.SbtCoffeeScript.autoImport._, _root_.com.typesafe.sbt.less.SbtLess.autoImport._, _root_.com.typesafe.sbt.jshint.SbtJSHint.autoImport._, _root_.com.typesafe.sbt.rjs.SbtRjs.autoImport._, _root_.com.typesafe.sbt.digest.SbtDigest.autoImport._, _root_.com.typesafe.sbt.mocha.SbtMocha.autoImport._, _root_.com.typesafe.play.sbt.enhancer.PlayEnhancer.autoImport._, import _root_.sbt.plugins.IvyPlugin, _root_.sbt.plugins.JvmPlugin, _root_.sbt.plugins.CorePlugin, _root_.sbt.plugins.JUnitXmlReportPlugin, _root_.play.sbt.forkrun.PlayForkRun, _root_.play.sbt.Play, _root_.play.sbt.PlayAkkaHttpServer, _root_.play.sbt.PlayJava, _root_.play.sbt.PlayLayoutPlugin, _root_.play.sbt.PlayNettyServer, _root_.play.sbt.PlayScala, _root_.play.sbt.routes.RoutesCompiler, _root_.play.twirl.sbt.SbtTwirl, _root_.com.typesafe.sbt.SbtNativePackager, _root_.com.typesafe.sbt.packager.archetypes.AkkaAppPackaging, _root_.com.typesafe.sbt.packager.archetypes.JavaAppPackaging, _root_.com.typesafe.sbt.packager.archetypes.JavaServerAppPackaging, _root_.com.typesafe.sbt.packager.archetypes.jar.ClasspathJarPlugin, _root_.com.typesafe.sbt.packager.archetypes.jar.LauncherJarPlugin, _root_.com.typesafe.sbt.packager.debian.DebianDeployPlugin, _root_.com.typesafe.sbt.packager.debian.DebianPlugin, _root_.com.typesafe.sbt.packager.debian.JDebPackaging, _root_.com.typesafe.sbt.packager.docker.DockerPlugin, _root_.com.typesafe.sbt.packager.jdkpackager.JDKPackagerDeployPlugin, _root_.com.typesafe.sbt.packager.jdkpackager.JDKPackagerPlugin, _root_.com.typesafe.sbt.packager.linux.LinuxPlugin, _root_.com.typesafe.sbt.packager.rpm.RpmDeployPlugin, _root_.com.typesafe.sbt.packager.rpm.RpmPlugin, _root_.com.typesafe.sbt.packager.universal.UniversalDeployPlugin, _root_.com.typesafe.sbt.packager.universal.UniversalPlugin, _root_.com.typesafe.sbt.packager.windows.WindowsDeployPlugin, _root_.com.typesafe.sbt.packager.windows.WindowsPlugin, _root_.com.typesafe.sbt.web.SbtWeb, _root_.com.typesafe.sbt.jse.SbtJsEngine, _root_.com.typesafe.sbt.jse.SbtJsTask, _root_.sbt.plugins.BackgroundRunPlugin, _root_.sbt.plugins.InteractionServicePlugin, _root_.sbt.plugins.SendEventServicePlugin, _root_.sbt.plugins.SerializersPlugin, _root_.com.typesafe.sbt.coffeescript.SbtCoffeeScript, _root_.com.typesafe.sbt.less.SbtLess, _root_.com.typesafe.sbt.jshint.SbtJSHint, _root_.com.typesafe.sbt.rjs.SbtRjs, _root_.com.typesafe.sbt.digest.SbtDigest, _root_.com.typesafe.sbt.mocha.SbtMocha, _root_.com.typesafe.play.sbt.enhancer.PlayEnhancer, import $9d41b39e500393ddcb80.root))),Vector(MinimalProjectStructure(ProjectReference(file:/Users/user/Documents/workspace/wishlist/,root),Vector(sbt.plugins.CorePlugin, com.typesafe.sbt.SbtNativePackager, sbt.plugins.InteractionServicePlugin, sbt.plugins.SendEventServicePlugin, sbt.plugins.SerializersPlugin, sbt.plugins.IvyPlugin, com.typesafe.sbt.packager.universal.UniversalPlugin, sbt.plugins.JvmPlugin, com.typesafe.sbt.packager.windows.WindowsPlugin, com.typesafe.sbt.packager.docker.DockerPlugin, com.typesafe.sbt.packager.linux.LinuxPlugin, play.twirl.sbt.SbtTwirl, play.sbt.routes.RoutesCompiler, com.typesafe.play.sbt.enhancer.PlayEnhancer, sbt.plugins.JUnitXmlReportPlugin, sbt.plugins.BackgroundRunPlugin, com.typesafe.sbt.packager.rpm.RpmPlugin, com.typesafe.sbt.web.SbtWeb, com.typesafe.sbt.packager.debian.DebianPlugin, com.typesafe.sbt.packager.archetypes.JavaAppPackaging, com.typesafe.sbt.jse.SbtJsEngine, com.typesafe.sbt.digest.SbtDigest, com.typesafe.sbt.packager.archetypes.JavaServerAppPackaging, com.typesafe.sbt.jse.SbtJsTask, play.sbt.Play, com.typesafe.sbt.jshint.SbtJSHint, com.typesafe.sbt.mocha.SbtMocha, com.typesafe.sbt.less.SbtLess, com.typesafe.sbt.rjs.SbtRjs, com.typesafe.sbt.coffeescript.SbtCoffeeScript, play.sbt.PlayJava, play.sbt.PlayNettyServer, play.sbt.PlayLayoutPlugin, play.sbt.forkrun.PlayForkRun),Some(ProjectDependencies(List(),List())))))) to dead client activator-e35275cb-d418-4fd2-aa72-3d33d4d8c41a
Dropping message (6,KeyLookupResponse(discoveredMainClasses,Vector(AttributeKey[scala.collection.Seq[java.lang.String]]("discoveredMainClasses") in Scope(Build: file:/Users/user/Documents/workspace/wishlist/, , Project: ProjectReference(file:/Users/user/Documents/workspace/wishlist/,root), Config: compile)))) to dead client activator-e35275cb-d418-4fd2-aa72-3d33d4d8c41a
Dropping message (7,KeyLookupResponse(mainClass,Vector(AttributeKey[scala.Option[java.lang.String]]("mainClass") in Scope(Build: file:/Users/user/Documents/workspace/wishlist/, , Project: ProjectReference(file:/Users/user/Documents/workspace/wishlist/,root), Config: compile)))) to dead client activator-e35275cb-d418-4fd2-aa72-3d33d4d8c41a
Dropping message (9,ReceivedResponse()) to dead client activator-e35275cb-d418-4fd2-aa72-3d33d4d8c41a
Dropping message BuildStructureChanged(MinimalBuildStructure(Vector(file:/Users/user/Documents/workspace/wishlist/),Vector(BuildData(file:/Users/user/Documents/workspace/wishlist/,Vector(/Users/user/Documents/workspace/wishlist/project/target/scala-2.10/sbt-0.13/classes, /Users/user/.ivy2/cache/scala_2.10/sbt_0.13/com.typesafe.sbteclipse/sbteclipse-plugin/jars/sbteclipse-plugin-2.5.0.jar, /Users/user/.ivy2/cache/scala_2.10/sbt_0.13/com.typesafe.sbteclipse/sbteclipse-core/jars/sbteclipse-core-2.5.0.jar, /Users/user/.ivy2/cache/org.scalaz/scalaz-core_2.10/bundles/scalaz-core_2.10-7.0.2.jar, /Users/user/.sbt/boot/scala-2.10.4/lib/scala-library.jar, /Users/user/.ivy2/cache/org.scalaz/scalaz-effect_2.10/bundles/scalaz-effect_2.10-7.0.2.jar, /Users/user/.ivy2/cache/scala_2.10/sbt_0.13/com.typesafe.play/sbt-fork-run-plugin/jars/sbt-fork-run-plugin-2.4.2.jar, /Users/user/.ivy2/cache/com.typesafe.play/sbt-fork-run-protocol_2.10/jars/sbt-fork-run-protocol_2.10-2.4.2.jar, /Users/user/.ivy2/cache/com.typesafe.play/sbt-run-support_2.10/jars/sbt-run-support_2.10-2.4.2.jar, /Users/user/.ivy2/cache/com.typesafe.play/build-link/jars/build-link-2.4.2.jar, /Users/user/.ivy2/cache/com.typesafe.play/play-exceptions/jars/play-exceptions-2.4.2.jar, /Users/user/apps/activator/repository/org.javassist/javassist/3.19.0-GA/bundles/javassist.jar, /Users/user/.ivy2/cache/com.typesafe.sbtrc/client-2-10/jars/client-2-10-0.3.1.jar, /Users/user/.sbt/boot/scala-2.10.4/lib/scala-reflect.jar, /Users/user/.ivy2/cache/org.scala-sbt/serialization_2.10/jars/serialization_2.10-0.1.0.jar, /Users/user/.ivy2/cache/org.scala-lang.modules/scala-pickling_2.10/jars/scala-pickling_2.10-0.10.0.jar, /Users/user/.sbt/boot/scala-2.10.4/lib/scala-compiler.jar, /Users/user/.ivy2/cache/org.scalamacros/quasiquotes_2.10/jars/quasiquotes_2.10-2.0.1.jar, /Users/user/.ivy2/cache/org.json4s/json4s-core_2.10/jars/json4s-core_2.10-3.2.10.jar, /Users/user/.ivy2/cache/org.json4s/json4s-ast_2.10/jars/json4s-ast_2.10-3.2.10.jar, /Users/user/.ivy2/cache/com.thoughtworks.paranamer/paranamer/jars/paranamer-2.6.jar, /Users/user/.ivy2/cache/org.spire-math/jawn-parser_2.10/jars/jawn-parser_2.10-0.6.0.jar, /Users/user/.ivy2/cache/org.spire-math/json4s-support_2.10/jars/json4s-support_2.10-0.6.0.jar, /Users/user/.ivy2/cache/org.scala-sbt/launcher-interface/jars/launcher-interface-0.13.8-M3.jar, /Users/user/.ivy2/cache/org.scala-sbt/interface/jars/interface-0.13.8-M3.jar, /Users/user/.ivy2/cache/org.scala-sbt/io/jars/io-0.13.8-M3.jar, /Users/user/.ivy2/cache/org.scala-sbt/control/jars/control-0.13.8-M3.jar, /Users/user/.ivy2/cache/org.scala-sbt/collections/jars/collections-0.13.8-M3.jar, /Users/user/.ivy2/cache/scala_2.10/sbt_0.13/com.typesafe.play/sbt-plugin/jars/sbt-plugin-2.4.2.jar, /Users/user/.ivy2/cache/com.typesafe.play/routes-compiler_2.10/jars/routes-compiler_2.10-2.4.2.jar, /Users/user/apps/activator/repository/com.typesafe.play/twirl-api_2.10/1.1.1/jars/twirl-api_2.10.jar, /Users/user/apps/activator/repository/org.apache.commons/commons-lang3/3.4/jars/commons-lang3.jar, /Users/user/apps/activator/repository/commons-io/commons-io/2.4/jars/commons-io.jar, /Users/user/apps/activator/repository/com.typesafe/config/1.3.0/bundles/config.jar, /Users/user/apps/activator/repository/com.google.guava/guava/18.0/bundles/guava.jar, /Users/user/apps/activator/repository/com.h2database/h2/1.4.187/jars/h2.jar, /Users/user/.ivy2/cache/net.contentobjects.jnotify/jnotify/jars/jnotify-0.94-play-1.jar, /Users/user/.ivy2/cache/scala_2.10/sbt_0.13/com.typesafe.sbt/sbt-twirl/jars/sbt-twirl-1.1.1.jar, /Users/user/apps/activator/repository/com.typesafe.play/twirl-compiler_2.10/1.1.1/jars/twirl-compiler_2.10.jar, /Users/user/apps/activator/repository/com.typesafe.play/twirl-parser_2.10/1.1.1/jars/twirl-parser_2.10.jar, /Users/user/.ivy2/cache/scala_2.10/sbt_0.13/com.typesafe.sbt/sbt-native-packager/jars/sbt-native-packager-1.0.1.jar, /Users/user/apps/activator/repository/org.vafer/jdeb/1.3/jars/jdeb.jar, /Users/user/apps/activator/repository/org.apache.maven/maven-core/3.2.2/jars/maven-core.jar, /Users/user/apps/activator/repository/org.apache.maven/maven-model/3.2.2/jars/maven-model.jar, /Users/user/apps/activator/repository/org.codehaus.plexus/plexus-utils/3.0.17/jars/plexus-utils.jar, /Users/user/apps/activator/repository/org.apache.maven/maven-settings/3.2.2/jars/maven-settings.jar, /Users/user/apps/activator/repository/org.apache.maven/maven-settings-builder/3.2.2/jars/maven-settings-builder.jar, /Users/user/apps/activator/repository/org.codehaus.plexus/plexus-interpolation/1.19/jars/plexus-interpolation.jar, /Users/user/apps/activator/repository/org.codehaus.plexus/plexus-component-annotations/1.5.5/jars/plexus-component-annotations.jar, /Users/user/apps/activator/repository/org.sonatype.plexus/plexus-sec-dispatcher/1.3/jars/plexus-sec-dispatcher.jar, /Users/user/apps/activator/repository/org.sonatype.plexus/plexus-cipher/1.7/jars/plexus-cipher.jar, /Users/user/apps/activator/repository/org.apache.maven/maven-repository-metadata/3.2.2/jars/maven-repository-metadata.jar, /Users/user/apps/activator/repository/org.apache.maven/maven-artifact/3.2.2/jars/maven-artifact.jar, /Users/user/apps/activator/repository/org.apache.maven/maven-plugin-api/3.2.2/jars/maven-plugin-api.jar, /Users/user/apps/activator/repository/org.eclipse.sisu/org.eclipse.sisu.plexus/0.0.0.M5/eclipse-plugins/org.eclipse.sisu.plexus.jar, /Users/user/apps/activator/repository/javax.enterprise/cdi-api/1.0/jars/cdi-api.jar, /Users/user/apps/activator/repository/javax.annotation/jsr250-api/1.0/jars/jsr250-api.jar, /Users/user/apps/activator/repository/javax.inject/javax.inject/1/jars/javax.inject.jar, /Users/user/.ivy2/cache/org.sonatype.sisu/sisu-guice/jars/sisu-guice-3.1.3.jar, /Users/user/apps/activator/repository/aopalliance/aopalliance/1.0/jars/aopalliance.jar, /Users/user/apps/activator/repository/org.eclipse.sisu/org.eclipse.sisu.inject/0.0.0.M5/eclipse-plugins/org.eclipse.sisu.inject.jar, /Users/user/apps/activator/repository/org.codehaus.plexus/plexus-classworlds/2.5.1/bundles/plexus-classworlds.jar, /Users/user/apps/activator/repository/org.apache.maven/maven-model-builder/3.2.2/jars/maven-model-builder.jar, /Users/user/apps/activator/repository/org.apache.maven/maven-aether-provider/3.2.2/jars/maven-aether-provider.jar, /Users/user/apps/activator/repository/org.eclipse.aether/aether-api/0.9.0.M2/jars/aether-api.jar, /Users/user/apps/activator/repository/org.eclipse.aether/aether-spi/0.9.0.M2/jars/aether-spi.jar, /Users/user/apps/activator/repository/org.eclipse.aether/aether-util/0.9.0.M2/jars/aether-util.jar, /Users/user/apps/activator/repository/org.eclipse.aether/aether-impl/0.9.0.M2/jars/aether-impl.jar, /Users/user/apps/activator/repository/org.apache.ant/ant/1.9.3/jars/ant.jar, /Users/user/apps/activator/repository/org.apache.ant/ant-launcher/1.9.3/jars/ant-launcher.jar, /Users/user/apps/activator/repository/org.bouncycastle/bcpg-jdk15on/1.51/jars/bcpg-jdk15on.jar, /Users/user/apps/activator/repository/org.bouncycastle/bcprov-jdk15on/1.51/jars/bcprov-jdk15on.jar, /Users/user/.ivy2/cache/scala_2.10/sbt_0.13/com.typesafe.sbt/sbt-web/jars/sbt-web-1.2.2.jar, /Users/user/.ivy2/cache/org.webjars/webjars-locator/jars/webjars-locator-0.26.jar, /Users/user/.ivy2/cache/org.webjars/webjars-locator-core/jars/webjars-locator-core-0.26.jar, /Users/user/.ivy2/cache/org.apache.commons/commons-compress/jars/commons-compress-1.9.jar, /Users/user/apps/activator/repository/com.fasterxml.jackson.core/jackson-databind/2.3.3/bundles/jackson-databind.jar, /Users/user/apps/activator/repository/com.fasterxml.jackson.core/jackson-annotations/2.3.0/bundles/jackson-annotations.jar, /Users/user/apps/activator/repository/com.fasterxml.jackson.core/jackson-core/2.3.3/bundles/jackson-core.jar, /Users/user/.ivy2/cache/scala_2.10/sbt_0.13/com.typesafe.sbt/sbt-js-engine/jars/sbt-js-engine-1.1.3.jar, /Users/user/.ivy2/cache/com.typesafe/jse_2.10/jars/jse_2.10-1.1.2.jar, /Users/user/.ivy2/cache/com.typesafe.akka/akka-actor_2.10/jars/akka-actor_2.10-2.3.11.jar, /Users/user/.ivy2/cache/com.typesafe.akka/akka-contrib_2.10/jars/akka-contrib_2.10-2.3.11.jar, /Users/user/.ivy2/cache/com.typesafe.akka/akka-remote_2.10/jars/akka-remote_2.10-2.3.11.jar, /Users/user/apps/activator/repository/io.netty/netty/3.8.0.Final/bundles/netty.jar, /Users/user/apps/activator/repository/com.google.protobuf/protobuf-java/2.5.0/bundles/protobuf-java.jar, /Users/user/apps/activator/repository/org.uncommons.maths/uncommons-maths/1.2.2a/jars/uncommons-maths.jar, /Users/user/.ivy2/cache/com.typesafe.akka/akka-cluster_2.10/jars/akka-cluster_2.10-2.3.11.jar, /Users/user/.ivy2/cache/com.typesafe.akka/akka-persistence-experimental_2.10/jars/akka-persistence-experimental_2.10-2.3.11.jar, /Users/user/apps/activator/repository/org.iq80.leveldb/leveldb/0.5/jars/leveldb.jar, /Users/user/apps/activator/repository/org.iq80.leveldb/leveldb-api/0.5/jars/leveldb-api.jar, /Users/user/apps/activator/repository/org.fusesource.leveldbjni/leveldbjni-all/1.7/bundles/leveldbjni-all.jar, /Users/user/apps/activator/repository/org.fusesource.leveldbjni/leveldbjni/1.7/jars/leveldbjni.jar, /Users/user/apps/activator/repository/org.fusesource.hawtjni/hawtjni-runtime/1.8/jars/hawtjni-runtime.jar, /Users/user/apps/activator/repository/org.fusesource.leveldbjni/leveldbjni-osx/1.5/jars/leveldbjni-osx.jar, /Users/user/apps/activator/repository/org.fusesource.leveldbjni/leveldbjni-linux32/1.5/jars/leveldbjni-linux32.jar, /Users/user/apps/activator/repository/org.fusesource.leveldbjni/leveldbjni-linux64/1.5/jars/leveldbjni-linux64.jar, /Users/user/apps/activator/repository/org.fusesource.leveldbjni/leveldbjni-win32/1.5/jars/leveldbjni-win32.jar, /Users/user/apps/activator/repository/org.fusesource.leveldbjni/leveldbjni-win64/1.5/jars/leveldbjni-win64.jar, /Users/user/apps/activator/repository/io.apigee.trireme/trireme-core/0.8.5/jars/trireme-core.jar, /Users/user/apps/activator/repository/io.apigee/rhino/1.7R5pre4/jars/rhino.jar, /Users/user/apps/activator/repository/io.apigee.trireme/trireme-node10src/0.8.5/jars/trireme-node10src.jar, /Users/user/apps/activator/repository/io.spray/spray-json_2.10/1.3.2/bundles/spray-json_2.10.jar, /Users/user/apps/activator/repository/org.slf4j/slf4j-simple/1.7.12/jars/slf4j-simple.jar, /Users/user/apps/activator/repository/org.slf4j/slf4j-api/1.7.12/jars/slf4j-api.jar, /Users/user/.ivy2/cache/com.typesafe/npm_2.10/jars/npm_2.10-1.1.1.jar, /Users/user/.ivy2/cache/org.webjars/npm/jars/npm-2.11.2.jar, /Users/user/.ivy2/cache/scala_2.10/sbt_0.13/org.scala-sbt/sbt-core-next/jars/sbt-core-next-0.1.1.jar, /Users/user/.ivy2/cache/org.scala-sbt/core-next_2.10/jars/core-next_2.10-0.1.1.jar, /Users/user/.ivy2/cache/scala_2.10/sbt_0.13/com.typesafe.sbt/sbt-coffeescript/jars/sbt-coffeescript-1.0.0.jar, /Users/user/apps/activator/repository/org.webjars/coffee-script-node/1.7.1/jars/coffee-script-node.jar, /Users/user/apps/activator/repository/org.webjars/mkdirp/0.3.5/jars/mkdirp.jar, /Users/user/.ivy2/cache/scala_2.10/sbt_0.13/com.typesafe.sbt/sbt-less/jars/sbt-less-1.0.6.jar, /Users/user/apps/activator/repository/org.webjars/less-node/1.7.5/jars/less-node.jar, /Users/user/apps/activator/repository/org.webjars/source-map/0.1.31-2/jars/source-map.jar, /Users/user/apps/activator/repository/org.webjars/amdefine/0.1.0-1/jars/amdefine.jar, /Users/user/apps/activator/repository/org.webjars/clean-css/2.2.7/jars/clean-css.jar, /Users/user/.ivy2/cache/scala_2.10/sbt_0.13/com.typesafe.sbt/sbt-jshint/jars/sbt-jshint-1.0.3.jar, /Users/user/apps/activator/repository/org.webjars/jshint-node/2.4.3/jars/jshint-node.jar, /Users/user/apps/activator/repository/org.webjars/underscorejs/1.5.2-2/jars/underscorejs.jar, /Users/user/apps/activator/repository/org.webjars/console-browserify/0.1.6-1/jars/console-browserify.jar, /Users/user/apps/activator/repository/org.webjars/strip-json-comments/1.0.2-1/jars/strip-json-comments.jar, /Users/user/.ivy2/cache/scala_2.10/sbt_0.13/com.typesafe.sbt/sbt-rjs/jars/sbt-rjs-1.0.7.jar, /Users/user/apps/activator/repository/org.webjars/rjs/2.1.15/jars/rjs.jar, /Users/user/.ivy2/cache/scala_2.10/sbt_0.13/com.typesafe.sbt/sbt-digest/jars/sbt-digest-1.1.0.jar, /Users/user/.ivy2/cache/scala_2.10/sbt_0.13/com.typesafe.sbt/sbt-mocha/jars/sbt-mocha-1.1.0.jar, /Users/user/apps/activator/repository/org.webjars/mocha/1.17.1/jars/mocha.jar, /Users/user/apps/activator/repository/org.webjars/debug/0.7.4/jars/debug.jar, /Users/user/apps/activator/repository/org.webjars/diff/1.0.7/jars/diff.jar, /Users/user/.ivy2/cache/scala_2.10/sbt_0.13/com.typesafe.sbt/sbt-play-enhancer/jars/sbt-play-enhancer-1.1.0.jar, /Users/user/apps/activator/repository/com.typesafe.play/play-enhancer/1.1.0/jars/play-enhancer.jar, /Users/user/.sbt/boot/scala-2.10.4/com.typesafe.sbtrc/server-0-13/0.3.5/actions-0.13.8.jar, /Users/user/.sbt/boot/scala-2.10.4/com.typesafe.sbtrc/server-0-13/0.3.5/api-0.13.8.jar, /Users/user/.sbt/boot/scala-2.10.4/com.typesafe.sbtrc/server-0-13/0.3.5/apply-macro-0.13.8.jar, /Users/user/.sbt/boot/scala-2.10.4/com.typesafe.sbtrc/server-0-13/0.3.5/cache-0.13.8.jar, /Users/user/.sbt/boot/scala-2.10.4/com.typesafe.sbtrc/server-0-13/0.3.5/classfile-0.13.8.jar, /Users/user/.sbt/boot/scala-2.10.4/com.typesafe.sbtrc/server-0-13/0.3.5/classpath-0.13.8.jar, /Users/user/.sbt/boot/scala-2.10.4/com.typesafe.sbtrc/server-0-13/0.3.5/collections-0.13.8.jar, /Users/user/.sbt/boot/scala-2.10.4/com.typesafe.sbtrc/server-0-13/0.3.5/command-0.13.8.jar, /Users/user/.sbt/boot/scala-2.10.4/com.typesafe.sbtrc/server-0-13/0.3.5/compile-0.13.8.jar, /Users/user/.sbt/boot/scala-2.10.4/com.typesafe.sbtrc/server-0-13/0.3.5/compiler-integration-0.13.8.jar, /Users/user/.sbt/boot/scala-2.10.4/com.typesafe.sbtrc/server-0-13/0.3.5/compiler-ivy-integration-0.13.8.jar, /Users/user/.sbt/boot/scala-2.10.4/com.typesafe.sbtrc/server-0-13/0.3.5/completion-0.13.8.jar, /Users/user/.sbt/boot/scala-2.10.4/com.typesafe.sbtrc/server-0-13/0.3.5/control-0.13.8.jar, /Users/user/.sbt/boot/scala-2.10.4/com.typesafe.sbtrc/server-0-13/0.3.5/core-next_2.10-0.1.1.jar, /Users/user/.sbt/boot/scala-2.10.4/com.typesafe.sbtrc/server-0-13/0.3.5/cross-0.13.8.jar, /Users/user/.sbt/boot/scala-2.10.4/com.typesafe.sbtrc/server-0-13/0.3.5/incremental-compiler-0.13.8.jar, /Users/user/.sbt/boot/scala-2.10.4/com.typesafe.sbtrc/server-0-13/0.3.5/io-0.13.8.jar, /Users/user/.sbt/boot/scala-2.10.4/com.typesafe.sbtrc/server-0-13/0.3.5/ivy-0.13.8.jar, /Users/user/.sbt/boot/scala-2.10.4/com.typesafe.sbtrc/server-0-13/0.3.5/ivy-2.3.0-sbt-fccfbd44c9f64523b61398a0155784dcbaeae28f.jar, /Users/user/.sbt/boot/scala-2.10.4/com.typesafe.sbtrc/server-0-13/0.3.5/jawn-parser_2.10-0.6.0.jar, /Users/user/.sbt/boot/scala-2.10.4/com.typesafe.sbtrc/server-0-13/0.3.5/jline-2.11.jar, /Users/user/.sbt/boot/scala-2.10.4/com.typesafe.sbtrc/server-0-13/0.3.5/jsch-0.1.46.jar, /Users/user/.sbt/boot/scala-2.10.4/com.typesafe.sbtrc/server-0-13/0.3.5/json4s-ast_2.10-3.2.10.jar, /Users/user/.sbt/boot/scala-2.10.4/com.typesafe.sbtrc/server-0-13/0.3.5/json4s-core_2.10-3.2.10.jar, /Users/user/.sbt/boot/scala-2.10.4/com.typesafe.sbtrc/server-0-13/0.3.5/json4s-support_2.10-0.6.0.jar, /Users/user/.sbt/boot/scala-2.10.4/com.typesafe.sbtrc/server-0-13/0.3.5/launcher-interface-0.13.8.jar, /Users/user/.sbt/boot/scala-2.10.4/com.typesafe.sbtrc/server-0-13/0.3.5/logging-0.13.8.jar, /Users/user/.sbt/boot/scala-2.10.4/com.typesafe.sbtrc/server-0-13/0.3.5/logic-0.13.8.jar, /Users/user/.sbt/boot/scala-2.10.4/com.typesafe.sbtrc/server-0-13/0.3.5/main-0.13.8.jar, /Users/user/.sbt/boot/scala-2.10.4/com.typesafe.sbtrc/server-0-13/0.3.5/main-settings-0.13.8.jar, /Users/user/.sbt/boot/scala-2.10.4/com.typesafe.sbtrc/server-0-13/0.3.5/paranamer-2.6.jar, /Users/user/.sbt/boot/scala-2.10.4/com.typesafe.sbtrc/server-0-13/0.3.5/persist-0.13.8.jar, /Users/user/.sbt/boot/scala-2.10.4/com.typesafe.sbtrc/server-0-13/0.3.5/process-0.13.8.jar, /Users/user/.sbt/boot/scala-2.10.4/com.typesafe.sbtrc/server-0-13/0.3.5/quasiquotes_2.10-2.0.1.jar, /Users/user/.sbt/boot/scala-2.10.4/com.typesafe.sbtrc/server-0-13/0.3.5/relation-0.13.8.jar, /Users/user/.sbt/boot/scala-2.10.4/com.typesafe.sbtrc/server-0-13/0.3.5/run-0.13.8.jar, /Users/user/.sbt/boot/scala-2.10.4/com.typesafe.sbtrc/server-0-13/0.3.5/sbinary_2.10-0.4.2.jar, /Users/user/.sbt/boot/scala-2.10.4/com.typesafe.sbtrc/server-0-13/0.3.5/sbt-0.13.8.jar, /Users/user/.sbt/boot/scala-2.10.4/com.typesafe.sbtrc/server-0-13/0.3.5/scala-pickling_2.10-0.10.0.jar, /Users/user/.sbt/boot/scala-2.10.4/com.typesafe.sbtrc/server-0-13/0.3.5/scala-reflect-2.10.4.jar, /Users/user/.sbt/boot/scala-2.10.4/com.typesafe.sbtrc/server-0-13/0.3.5/serialization_2.10-0.1.1.jar, /Users/user/.sbt/boot/scala-2.10.4/com.typesafe.sbtrc/server-0-13/0.3.5/server-0-13-0.3.5.jar, /Users/user/.sbt/boot/scala-2.10.4/com.typesafe.sbtrc/server-0-13/0.3.5/task-system-0.13.8.jar, /Users/user/.sbt/boot/scala-2.10.4/com.typesafe.sbtrc/server-0-13/0.3.5/tasks-0.13.8.jar, /Users/user/.sbt/boot/scala-2.10.4/com.typesafe.sbtrc/server-0-13/0.3.5/test-agent-0.13.8.jar, /Users/user/.sbt/boot/scala-2.10.4/com.typesafe.sbtrc/server-0-13/0.3.5/test-interface-1.0.jar, /Users/user/.sbt/boot/scala-2.10.4/com.typesafe.sbtrc/server-0-13/0.3.5/testing-0.13.8.jar, /Users/user/.sbt/boot/scala-2.10.4/com.typesafe.sbtrc/server-0-13/0.3.5/tracking-0.13.8.jar, /Users/user/.sbt/boot/scala-2.10.4/com.typesafe.sbtrc/server-0-13/0.3.5/xsbti/interface-0.13.8.jar, /Users/user/.sbt/boot/scala-2.10.4/lib/jansi.jar, /Users/user/.sbt/boot/scala-2.10.4/lib/jline.jar, /Users/user/Documents/workspace/wishlist/project/target/config-classes),Vector(import sbt._, Keys._, dsl._, import _root_.com.typesafe.sbteclipse.plugin.EclipsePlugin._, import _root_.play.sbt.forkrun.PlayForkRun.autoImport._, _root_.play.sbt.Play.autoImport._, _root_.play.sbt.routes.RoutesCompiler.autoImport._, _root_.play.twirl.sbt.SbtTwirl.autoImport._, _root_.com.typesafe.sbt.SbtNativePackager.autoImport._, _root_.com.typesafe.sbt.packager.archetypes.JavaAppPackaging.autoImport._, _root_.com.typesafe.sbt.packager.archetypes.jar.ClasspathJarPlugin.autoImport._, _root_.com.typesafe.sbt.packager.archetypes.jar.LauncherJarPlugin.autoImport._, _root_.com.typesafe.sbt.packager.debian.DebianPlugin.autoImport._, _root_.com.typesafe.sbt.packager.docker.DockerPlugin.autoImport._, _root_.com.typesafe.sbt.packager.jdkpackager.JDKPackagerPlugin.autoImport._, _root_.com.typesafe.sbt.packager.linux.LinuxPlugin.autoImport._, _root_.com.typesafe.sbt.packager.rpm.RpmPlugin.autoImport._, _root_.com.typesafe.sbt.packager.universal.UniversalPlugin.autoImport._, _root_.com.typesafe.sbt.packager.windows.WindowsPlugin.autoImport._, _root_.com.typesafe.sbt.web.SbtWeb.autoImport._, _root_.com.typesafe.sbt.jse.SbtJsEngine.autoImport._, _root_.com.typesafe.sbt.jse.SbtJsTask.autoImport._, _root_.com.typesafe.sbt.coffeescript.SbtCoffeeScript.autoImport._, _root_.com.typesafe.sbt.less.SbtLess.autoImport._, _root_.com.typesafe.sbt.jshint.SbtJSHint.autoImport._, _root_.com.typesafe.sbt.rjs.SbtRjs.autoImport._, _root_.com.typesafe.sbt.digest.SbtDigest.autoImport._, _root_.com.typesafe.sbt.mocha.SbtMocha.autoImport._, _root_.com.typesafe.play.sbt.enhancer.PlayEnhancer.autoImport._, import _root_.sbt.plugins.IvyPlugin, _root_.sbt.plugins.JvmPlugin, _root_.sbt.plugins.CorePlugin, _root_.sbt.plugins.JUnitXmlReportPlugin, _root_.play.sbt.forkrun.PlayForkRun, _root_.play.sbt.Play, _root_.play.sbt.PlayAkkaHttpServer, _root_.play.sbt.PlayJava, _root_.play.sbt.PlayLayoutPlugin, _root_.play.sbt.PlayNettyServer, _root_.play.sbt.PlayScala, _root_.play.sbt.routes.RoutesCompiler, _root_.play.twirl.sbt.SbtTwirl, _root_.com.typesafe.sbt.SbtNativePackager, _root_.com.typesafe.sbt.packager.archetypes.AkkaAppPackaging, _root_.com.typesafe.sbt.packager.archetypes.JavaAppPackaging, _root_.com.typesafe.sbt.packager.archetypes.JavaServerAppPackaging, _root_.com.typesafe.sbt.packager.archetypes.jar.ClasspathJarPlugin, _root_.com.typesafe.sbt.packager.archetypes.jar.LauncherJarPlugin, _root_.com.typesafe.sbt.packager.debian.DebianDeployPlugin, _root_.com.typesafe.sbt.packager.debian.DebianPlugin, _root_.com.typesafe.sbt.packager.debian.JDebPackaging, _root_.com.typesafe.sbt.packager.docker.DockerPlugin, _root_.com.typesafe.sbt.packager.jdkpackager.JDKPackagerDeployPlugin, _root_.com.typesafe.sbt.packager.jdkpackager.JDKPackagerPlugin, _root_.com.typesafe.sbt.packager.linux.LinuxPlugin, _root_.com.typesafe.sbt.packager.rpm.RpmDeployPlugin, _root_.com.typesafe.sbt.packager.rpm.RpmPlugin, _root_.com.typesafe.sbt.packager.universal.UniversalDeployPlugin, _root_.com.typesafe.sbt.packager.universal.UniversalPlugin, _root_.com.typesafe.sbt.packager.windows.WindowsDeployPlugin, _root_.com.typesafe.sbt.packager.windows.WindowsPlugin, _root_.com.typesafe.sbt.web.SbtWeb, _root_.com.typesafe.sbt.jse.SbtJsEngine, _root_.com.typesafe.sbt.jse.SbtJsTask, _root_.sbt.plugins.BackgroundRunPlugin, _root_.sbt.plugins.InteractionServicePlugin, _root_.sbt.plugins.SendEventServicePlugin, _root_.sbt.plugins.SerializersPlugin, _root_.com.typesafe.sbt.coffeescript.SbtCoffeeScript, _root_.com.typesafe.sbt.less.SbtLess, _root_.com.typesafe.sbt.jshint.SbtJSHint, _root_.com.typesafe.sbt.rjs.SbtRjs, _root_.com.typesafe.sbt.digest.SbtDigest, _root_.com.typesafe.sbt.mocha.SbtMocha, _root_.com.typesafe.play.sbt.enhancer.PlayEnhancer, import $9d41b39e500393ddcb80.root))),Vector(MinimalProjectStructure(ProjectReference(file:/Users/user/Documents/workspace/wishlist/,root),Vector(sbt.plugins.CorePlugin, com.typesafe.sbt.SbtNativePackager, sbt.plugins.InteractionServicePlugin, sbt.plugins.SendEventServicePlugin, sbt.plugins.SerializersPlugin, sbt.plugins.IvyPlugin, com.typesafe.sbt.packager.universal.UniversalPlugin, sbt.plugins.JvmPlugin, com.typesafe.sbt.packager.windows.WindowsPlugin, com.typesafe.sbt.packager.docker.DockerPlugin, com.typesafe.sbt.packager.linux.LinuxPlugin, play.twirl.sbt.SbtTwirl, play.sbt.routes.RoutesCompiler, com.typesafe.play.sbt.enhancer.PlayEnhancer, sbt.plugins.JUnitXmlReportPlugin, sbt.plugins.BackgroundRunPlugin, com.typesafe.sbt.packager.rpm.RpmPlugin, com.typesafe.sbt.web.SbtWeb, com.typesafe.sbt.packager.debian.DebianPlugin, com.typesafe.sbt.packager.archetypes.JavaAppPackaging, com.typesafe.sbt.jse.SbtJsEngine, com.typesafe.sbt.digest.SbtDigest, com.typesafe.sbt.packager.archetypes.JavaServerAppPackaging, com.typesafe.sbt.jse.SbtJsTask, play.sbt.Play, com.typesafe.sbt.jshint.SbtJSHint, com.typesafe.sbt.mocha.SbtMocha, com.typesafe.sbt.less.SbtLess, com.typesafe.sbt.rjs.SbtRjs, com.typesafe.sbt.coffeescript.SbtCoffeeScript, play.sbt.PlayJava, play.sbt.PlayNettyServer, play.sbt.PlayLayoutPlugin, play.sbt.forkrun.PlayForkRun),Some(ProjectDependencies(List(),List())))))) to dead client activator-e35275cb-d418-4fd2-aa72-3d33d4d8c41a
